#
# There is insufficient memory for the Java Runtime Environment to continue.
# Native memory allocation (malloc) failed to allocate 1048576 bytes for AllocateHeap
# Possible reasons:
#   The system is out of physical RAM or swap space
#   The process is running with CompressedOops enabled, and the Java Heap may be blocking the growth of the native heap
# Possible solutions:
#   Reduce memory load on the system
#   Increase physical memory or swap space
#   Check if swap backing store is full
#   Decrease Java heap size (-Xmx/-Xms)
#   Decrease number of Java threads
#   Decrease Java thread stack sizes (-Xss)
#   Set larger code cache with -XX:ReservedCodeCacheSize=
#   JVM is running with Unscaled Compressed Oops mode in which the Java heap is
#     placed in the first 4GB address space. The Java Heap base address is the
#     maximum limit for the native heap growth. Please use -XX:HeapBaseMinAddress
#     to set the Java Heap base and to place the Java Heap above 4GB virtual address.
# This output file may be truncated or incomplete.
#
#  Out of Memory Error (allocation.cpp:44), pid=10908, tid=16388
#
# JRE version: OpenJDK Runtime Environment Temurin-17.0.10+7 (17.0.10+7) (build 17.0.10+7)
# Java VM: OpenJDK 64-Bit Server VM Temurin-17.0.10+7 (17.0.10+7, mixed mode, emulated-client, tiered, compressed oops, compressed class ptrs, g1 gc, windows-amd64)
# No core dump will be written. Minidumps are not enabled by default on client versions of Windows
#

---------------  S U M M A R Y ------------

Command Line: -XX:+HeapDumpOnOutOfMemoryError -Xmx1024m -Dsts.lsp.client=vscode -Dsts.log.file=/dev/null -XX:TieredStopAtLevel=1 -Xlog:jni+resolve=off -Dspring.config.location=file:c:\Users\USER\.vscode\extensions\vmware.vscode-spring-boot-1.52.0\language-server\BOOT-INF\classes\application.properties org.springframework.ide.vscode.boot.app.BootLanguageServerBootApp

Host: Intel(R) Core(TM) i5-6200U CPU @ 2.30GHz, 4 cores, 3G,  Windows 10 , 64 bit Build 19041 (10.0.19041.3636)
Time: Wed Feb 28 09:32:44 2024 SE Asia Standard Time elapsed time: 158.225190 seconds (0d 0h 2m 38s)

---------------  T H R E A D  ---------------

Current thread (0x0000012ee8110520):  VMThread "VM Thread" [stack: 0x0000002a8f900000,0x0000002a8fa00000] [id=16388]

Stack: [0x0000002a8f900000,0x0000002a8fa00000]
Native frames: (J=compiled Java code, j=interpreted, Vv=VM code, C=native code)
V  [jvm.dll+0x67d2c9]
V  [jvm.dll+0x834afa]
V  [jvm.dll+0x8365be]
V  [jvm.dll+0x836c23]
V  [jvm.dll+0x2477ff]
V  [jvm.dll+0xa6c93]
V  [jvm.dll+0x2f8663]
V  [jvm.dll+0x2f42e0]
V  [jvm.dll+0x2dc8c7]
V  [jvm.dll+0x31fb87]
V  [jvm.dll+0x83b11b]
V  [jvm.dll+0x83be61]
V  [jvm.dll+0x83c37d]
V  [jvm.dll+0x83c754]
V  [jvm.dll+0x83c820]
V  [jvm.dll+0x7e3fba]
V  [jvm.dll+0x67c1b5]
C  [ucrtbase.dll+0x21bb2]
C  [KERNEL32.DLL+0x17344]
C  [ntdll.dll+0x526b1]

VM_Operation (0x0000002a909fec20): G1CollectFull, mode: safepoint, requested by thread 0x0000012eed7ff740


---------------  P R O C E S S  ---------------

Threads class SMR info:
_java_thread_list=0x0000012eedadeac0, length=21, elements={
0x0000012ee8160730, 0x0000012ee81625c0, 0x0000012ee818f5d0, 0x0000012ee8190450,
0x0000012ee8193f30, 0x0000012ee81948f0, 0x0000012ee8195360, 0x0000012ee81a7010,
0x0000012ee84a50b0, 0x0000012ee84ad5b0, 0x0000012eedb31040, 0x0000012eed7ff740,
0x0000012ee8d7f020, 0x0000012eddc17310, 0x0000012eed319b10, 0x0000012eed9b6db0,
0x0000012eedc33450, 0x0000012eedc33d40, 0x0000012eedbc36e0, 0x0000012eedbc4100,
0x0000012eedbc4610
}

Java Threads: ( => current thread )
  0x0000012ee8160730 JavaThread "Reference Handler" daemon [_thread_blocked, id=1204, stack(0x0000002a8fa00000,0x0000002a8fb00000)]
  0x0000012ee81625c0 JavaThread "Finalizer" daemon [_thread_blocked, id=3500, stack(0x0000002a8fb00000,0x0000002a8fc00000)]
  0x0000012ee818f5d0 JavaThread "Signal Dispatcher" daemon [_thread_blocked, id=7252, stack(0x0000002a8fc00000,0x0000002a8fd00000)]
  0x0000012ee8190450 JavaThread "Attach Listener" daemon [_thread_blocked, id=15760, stack(0x0000002a8fd00000,0x0000002a8fe00000)]
  0x0000012ee8193f30 JavaThread "Service Thread" daemon [_thread_blocked, id=13660, stack(0x0000002a8fe00000,0x0000002a8ff00000)]
  0x0000012ee81948f0 JavaThread "Monitor Deflation Thread" daemon [_thread_blocked, id=13340, stack(0x0000002a8ff00000,0x0000002a90000000)]
  0x0000012ee8195360 JavaThread "C1 CompilerThread0" daemon [_thread_blocked, id=14156, stack(0x0000002a90000000,0x0000002a90100000)]
  0x0000012ee81a7010 JavaThread "Sweeper thread" daemon [_thread_blocked, id=1704, stack(0x0000002a90100000,0x0000002a90200000)]
  0x0000012ee84a50b0 JavaThread "Notification Thread" daemon [_thread_blocked, id=17608, stack(0x0000002a90200000,0x0000002a90300000)]
  0x0000012ee84ad5b0 JavaThread "Common-Cleaner" daemon [_thread_blocked, id=19796, stack(0x0000002a90400000,0x0000002a90500000)]
  0x0000012eedb31040 JavaThread "boundedElastic-evictor-1" daemon [_thread_blocked, id=19380, stack(0x0000002a90800000,0x0000002a90900000)]
  0x0000012eed7ff740 JavaThread "pool-12-thread-1" [_thread_blocked, id=4000, stack(0x0000002a90900000,0x0000002a90a00000)]
  0x0000012ee8d7f020 JavaThread "LanguageServerApp-lifecycle" [_thread_blocked, id=14576, stack(0x0000002a90a00000,0x0000002a90b00000)]
  0x0000012eddc17310 JavaThread "DestroyJavaVM" [_thread_blocked, id=19672, stack(0x0000002a8f300000,0x0000002a8f400000)]
  0x0000012eed319b10 JavaThread "pool-13-thread-1" [_thread_in_native, id=16488, stack(0x0000002a90b00000,0x0000002a90c00000)]
  0x0000012eed9b6db0 JavaThread "Simple-Language-Server main thread" daemon [_thread_blocked, id=13904, stack(0x0000002a90c00000,0x0000002a90d00000)]
  0x0000012eedc33450 JavaThread "pool-8-thread-1" [_thread_blocked, id=19484, stack(0x0000002a90d00000,0x0000002a90e00000)]
  0x0000012eedc33d40 JavaThread "parallel-1" daemon [_thread_blocked, id=16536, stack(0x0000002a90e00000,0x0000002a90f00000)]
  0x0000012eedbc36e0 JavaThread "pool-6-thread-1" [_thread_blocked, id=7104, stack(0x0000002a90f00000,0x0000002a91000000)]
  0x0000012eedbc4100 JavaThread "parallel-2" daemon [_thread_blocked, id=18912, stack(0x0000002a91000000,0x0000002a91100000)]
  0x0000012eedbc4610 JavaThread "Reconciler-1" daemon [_thread_blocked, id=16196, stack(0x0000002a91100000,0x0000002a91200000)]

Other Threads:
=>0x0000012ee8110520 VMThread "VM Thread" [stack: 0x0000002a8f900000,0x0000002a8fa00000] [id=16388]
  0x0000012ee84a5590 WatcherThread [stack: 0x0000002a90300000,0x0000002a90400000] [id=5772]
  0x0000012eddc53c30 GCTaskThread "GC Thread#0" [stack: 0x0000002a8f400000,0x0000002a8f500000] [id=18920]
  0x0000012ee8afd230 GCTaskThread "GC Thread#1" [stack: 0x0000002a90500000,0x0000002a90600000] [id=13468]
  0x0000012ee8bb9b50 GCTaskThread "GC Thread#2" [stack: 0x0000002a90600000,0x0000002a90700000] [id=20320]
  0x0000012ee8cfaa90 GCTaskThread "GC Thread#3" [stack: 0x0000002a90700000,0x0000002a90800000] [id=16276]
  0x0000012eddc5cb80 ConcurrentGCThread "G1 Main Marker" [stack: 0x0000002a8f500000,0x0000002a8f600000] [id=11560]
  0x0000012eddc5d5a0 ConcurrentGCThread "G1 Conc#0" [stack: 0x0000002a8f600000,0x0000002a8f700000] [id=1296]
  0x0000012eddca92b0 ConcurrentGCThread "G1 Refine#0" [stack: 0x0000002a8f700000,0x0000002a8f800000] [id=4072]
  0x0000012eddca9ce0 ConcurrentGCThread "G1 Service" [stack: 0x0000002a8f800000,0x0000002a8f900000] [id=6728]

Threads with active compile tasks:

VM state: at safepoint (normal execution)

VM Mutex/Monitor currently owned by a thread:  ([mutex/lock_event])
[0x0000012edbb61d40] Threads_lock - owner thread: 0x0000012ee8110520
[0x0000012eddc13960] Heap_lock - owner thread: 0x0000012eed7ff740

Heap address: 0x00000000c0000000, size: 1024 MB, Compressed Oops mode: 32-bit

CDS archive(s) not mapped
Compressed class space mapped at: 0x0000000100000000-0x0000000140000000, reserved size: 1073741824
Narrow klass base: 0x0000000000000000, Narrow klass shift: 3, Narrow klass range: 0x140000000

GC Precious Log:
 CPUs: 4 total, 4 available
 Memory: 3984M
 Large Page Support: Disabled
 NUMA Support: Disabled
 Compressed Oops: Enabled (32-bit)
 Heap Region Size: 1M
 Heap Min Capacity: 8M
 Heap Initial Capacity: 64M
 Heap Max Capacity: 1G
 Pre-touch: Disabled
 Parallel Workers: 4
 Concurrent Workers: 1
 Concurrent Refinement Workers: 4
 Periodic GC: Disabled

Heap:
 garbage-first heap   total 65536K, used 23968K [0x00000000c0000000, 0x0000000100000000)
  region size 1024K, 1 young (1024K), 0 survivors (0K)
 Metaspace       used 38651K, committed 39232K, reserved 1114112K
  class space    used 5087K, committed 5312K, reserved 1048576K

Heap Regions: E=young(eden), S=young(survivor), O=old, HS=humongous(starts), HC=humongous(continues), CS=collection set, F=free, OA=open archive, CA=closed archive, TAMS=top-at-mark-start (previous, next)
|   0|0x00000000c0000000, 0x00000000c0100000, 0x00000000c0100000|100%|HS|  |TAMS 0x00000000c0100000, 0x00000000c0000000| Untracked 
|   1|0x00000000c0100000, 0x00000000c0200000, 0x00000000c0200000|100%|HC|  |TAMS 0x00000000c0200000, 0x00000000c0100000| Untracked 
|   2|0x00000000c0200000, 0x00000000c0300000, 0x00000000c0300000|100%|HC|  |TAMS 0x00000000c0300000, 0x00000000c0200000| Untracked 
|   3|0x00000000c0300000, 0x00000000c0400000, 0x00000000c0400000|100%|HC|  |TAMS 0x00000000c0400000, 0x00000000c0300000| Untracked 
|   4|0x00000000c0400000, 0x00000000c0500000, 0x00000000c0500000|100%|HS|  |TAMS 0x00000000c0500000, 0x00000000c0400000| Untracked 
|   5|0x00000000c0500000, 0x00000000c0600000, 0x00000000c0600000|100%|HC|  |TAMS 0x00000000c0600000, 0x00000000c0500000| Untracked 
|   6|0x00000000c0600000, 0x00000000c06fffd0, 0x00000000c0700000| 99%| O|  |TAMS 0x00000000c06fffd0, 0x00000000c0600000| Untracked 
|   7|0x00000000c0700000, 0x00000000c0800000, 0x00000000c0800000|100%| O|  |TAMS 0x00000000c0800000, 0x00000000c0700000| Untracked 
|   8|0x00000000c0800000, 0x00000000c08fc8d0, 0x00000000c0900000| 98%| O|  |TAMS 0x00000000c08fc8d0, 0x00000000c0800000| Untracked 
|   9|0x00000000c0900000, 0x00000000c09ffff8, 0x00000000c0a00000| 99%| O|  |TAMS 0x00000000c09ffff8, 0x00000000c0900000| Untracked 
|  10|0x00000000c0a00000, 0x00000000c0b00000, 0x00000000c0b00000|100%| O|  |TAMS 0x00000000c0b00000, 0x00000000c0a00000| Untracked 
|  11|0x00000000c0b00000, 0x00000000c0c00000, 0x00000000c0c00000|100%| O|  |TAMS 0x00000000c0c00000, 0x00000000c0b00000| Untracked 
|  12|0x00000000c0c00000, 0x00000000c0d00000, 0x00000000c0d00000|100%| O|  |TAMS 0x00000000c0d00000, 0x00000000c0c00000| Untracked 
|  13|0x00000000c0d00000, 0x00000000c0e00000, 0x00000000c0e00000|100%| O|  |TAMS 0x00000000c0e00000, 0x00000000c0d00000| Untracked 
|  14|0x00000000c0e00000, 0x00000000c0effff0, 0x00000000c0f00000| 99%| O|  |TAMS 0x00000000c0effff0, 0x00000000c0e00000| Untracked 
|  15|0x00000000c0f00000, 0x00000000c0fffff0, 0x00000000c1000000| 99%| O|  |TAMS 0x00000000c0fffff0, 0x00000000c0f00000| Untracked 
|  16|0x00000000c1000000, 0x00000000c10fffd8, 0x00000000c1100000| 99%| O|  |TAMS 0x00000000c10fffd8, 0x00000000c1000000| Untracked 
|  17|0x00000000c1100000, 0x00000000c11ffff8, 0x00000000c1200000| 99%| O|  |TAMS 0x00000000c11ffff8, 0x00000000c1100000| Untracked 
|  18|0x00000000c1200000, 0x00000000c12ffff8, 0x00000000c1300000| 99%| O|  |TAMS 0x00000000c12ffff8, 0x00000000c1200000| Untracked 
|  19|0x00000000c1300000, 0x00000000c13ffff0, 0x00000000c1400000| 99%| O|  |TAMS 0x00000000c13ffff0, 0x00000000c1300000| Untracked 
|  20|0x00000000c1400000, 0x00000000c14ffff0, 0x00000000c1500000| 99%| O|  |TAMS 0x00000000c14ffff0, 0x00000000c1400000| Untracked 
|  21|0x00000000c1500000, 0x00000000c15d1da0, 0x00000000c1600000| 81%| O|  |TAMS 0x00000000c1500000, 0x00000000c1500000| Untracked 
|  22|0x00000000c1600000, 0x00000000c16ffff8, 0x00000000c1700000| 99%| O|  |TAMS 0x00000000c16ffff8, 0x00000000c1600000| Untracked 
|  23|0x00000000c1700000, 0x00000000c1799ca8, 0x00000000c1800000| 60%| O|  |TAMS 0x00000000c1700000, 0x00000000c1700000| Untracked 
|  24|0x00000000c1800000, 0x00000000c1800000, 0x00000000c1900000|  0%| F|  |TAMS 0x00000000c1800000, 0x00000000c1800000| Untracked 
|  25|0x00000000c1900000, 0x00000000c1900000, 0x00000000c1a00000|  0%| F|  |TAMS 0x00000000c1900000, 0x00000000c1900000| Untracked 
|  26|0x00000000c1a00000, 0x00000000c1a00000, 0x00000000c1b00000|  0%| F|  |TAMS 0x00000000c1a00000, 0x00000000c1a00000| Untracked 
|  27|0x00000000c1b00000, 0x00000000c1b00000, 0x00000000c1c00000|  0%| F|  |TAMS 0x00000000c1b00000, 0x00000000c1b00000| Untracked 
|  28|0x00000000c1c00000, 0x00000000c1c00000, 0x00000000c1d00000|  0%| F|  |TAMS 0x00000000c1c00000, 0x00000000c1c00000| Untracked 
|  29|0x00000000c1d00000, 0x00000000c1d00000, 0x00000000c1e00000|  0%| F|  |TAMS 0x00000000c1d00000, 0x00000000c1d00000| Untracked 
|  30|0x00000000c1e00000, 0x00000000c1e00000, 0x00000000c1f00000|  0%| F|  |TAMS 0x00000000c1e00000, 0x00000000c1e00000| Untracked 
|  31|0x00000000c1f00000, 0x00000000c1f00000, 0x00000000c2000000|  0%| F|  |TAMS 0x00000000c1f00000, 0x00000000c1f00000| Untracked 
|  32|0x00000000c2000000, 0x00000000c2000000, 0x00000000c2100000|  0%| F|  |TAMS 0x00000000c2000000, 0x00000000c2000000| Untracked 
|  33|0x00000000c2100000, 0x00000000c2100000, 0x00000000c2200000|  0%| F|  |TAMS 0x00000000c2100000, 0x00000000c2100000| Untracked 
|  34|0x00000000c2200000, 0x00000000c2200000, 0x00000000c2300000|  0%| F|  |TAMS 0x00000000c2200000, 0x00000000c2200000| Untracked 
|  35|0x00000000c2300000, 0x00000000c2300000, 0x00000000c2400000|  0%| F|  |TAMS 0x00000000c2300000, 0x00000000c2300000| Untracked 
|  36|0x00000000c2400000, 0x00000000c2400000, 0x00000000c2500000|  0%| F|  |TAMS 0x00000000c2400000, 0x00000000c2400000| Untracked 
|  37|0x00000000c2500000, 0x00000000c2500000, 0x00000000c2600000|  0%| F|  |TAMS 0x00000000c2500000, 0x00000000c2500000| Untracked 
|  38|0x00000000c2600000, 0x00000000c2600000, 0x00000000c2700000|  0%| F|  |TAMS 0x00000000c2600000, 0x00000000c2600000| Untracked 
|  39|0x00000000c2700000, 0x00000000c2700000, 0x00000000c2800000|  0%| F|  |TAMS 0x00000000c2700000, 0x00000000c2700000| Untracked 
|  40|0x00000000c2800000, 0x00000000c2800000, 0x00000000c2900000|  0%| F|  |TAMS 0x00000000c2800000, 0x00000000c2800000| Untracked 
|  41|0x00000000c2900000, 0x00000000c2900000, 0x00000000c2a00000|  0%| F|  |TAMS 0x00000000c2900000, 0x00000000c2900000| Untracked 
|  42|0x00000000c2a00000, 0x00000000c2a00000, 0x00000000c2b00000|  0%| F|  |TAMS 0x00000000c2a00000, 0x00000000c2a00000| Untracked 
|  43|0x00000000c2b00000, 0x00000000c2b00000, 0x00000000c2c00000|  0%| F|  |TAMS 0x00000000c2b00000, 0x00000000c2b00000| Untracked 
|  44|0x00000000c2c00000, 0x00000000c2c00000, 0x00000000c2d00000|  0%| F|  |TAMS 0x00000000c2c00000, 0x00000000c2c00000| Untracked 
|  45|0x00000000c2d00000, 0x00000000c2d00000, 0x00000000c2e00000|  0%| F|  |TAMS 0x00000000c2d00000, 0x00000000c2d00000| Untracked 
|  46|0x00000000c2e00000, 0x00000000c2e00000, 0x00000000c2f00000|  0%| F|  |TAMS 0x00000000c2e00000, 0x00000000c2e00000| Untracked 
|  47|0x00000000c2f00000, 0x00000000c2f00000, 0x00000000c3000000|  0%| F|  |TAMS 0x00000000c2f00000, 0x00000000c2f00000| Untracked 
|  48|0x00000000c3000000, 0x00000000c3000000, 0x00000000c3100000|  0%| F|  |TAMS 0x00000000c3000000, 0x00000000c3000000| Untracked 
|  49|0x00000000c3100000, 0x00000000c3100000, 0x00000000c3200000|  0%| F|  |TAMS 0x00000000c3100000, 0x00000000c3100000| Untracked 
|  50|0x00000000c3200000, 0x00000000c3200000, 0x00000000c3300000|  0%| F|  |TAMS 0x00000000c3200000, 0x00000000c3200000| Untracked 
|  51|0x00000000c3300000, 0x00000000c3300000, 0x00000000c3400000|  0%| F|  |TAMS 0x00000000c3300000, 0x00000000c3300000| Untracked 
|  52|0x00000000c3400000, 0x00000000c3400000, 0x00000000c3500000|  0%| F|  |TAMS 0x00000000c3400000, 0x00000000c3400000| Untracked 
|  53|0x00000000c3500000, 0x00000000c3500000, 0x00000000c3600000|  0%| F|  |TAMS 0x00000000c3500000, 0x00000000c3500000| Untracked 
|  54|0x00000000c3600000, 0x00000000c3600000, 0x00000000c3700000|  0%| F|  |TAMS 0x00000000c3600000, 0x00000000c3600000| Untracked 
|  55|0x00000000c3700000, 0x00000000c3700000, 0x00000000c3800000|  0%| F|  |TAMS 0x00000000c3700000, 0x00000000c3700000| Untracked 
|  56|0x00000000c3800000, 0x00000000c3800000, 0x00000000c3900000|  0%| F|  |TAMS 0x00000000c3800000, 0x00000000c3800000| Untracked 
|  57|0x00000000c3900000, 0x00000000c3900000, 0x00000000c3a00000|  0%| F|  |TAMS 0x00000000c3900000, 0x00000000c3900000| Untracked 
|  58|0x00000000c3a00000, 0x00000000c3a00000, 0x00000000c3b00000|  0%| F|  |TAMS 0x00000000c3a00000, 0x00000000c3a00000| Untracked 
|  59|0x00000000c3b00000, 0x00000000c3b00000, 0x00000000c3c00000|  0%| F|  |TAMS 0x00000000c3b00000, 0x00000000c3b00000| Untracked 
|  60|0x00000000c3c00000, 0x00000000c3c00000, 0x00000000c3d00000|  0%| F|  |TAMS 0x00000000c3c00000, 0x00000000c3c00000| Untracked 
|  61|0x00000000c3d00000, 0x00000000c3d00000, 0x00000000c3e00000|  0%| F|  |TAMS 0x00000000c3d00000, 0x00000000c3d00000| Untracked 
|  62|0x00000000c3e00000, 0x00000000c3e00000, 0x00000000c3f00000|  0%| F|  |TAMS 0x00000000c3e00000, 0x00000000c3e00000| Untracked 
|  63|0x00000000c3f00000, 0x00000000c3f3d750, 0x00000000c4000000| 24%| E|  |TAMS 0x00000000c3f00000, 0x00000000c3f00000| Complete 

Card table byte_map: [0x0000012ee38a0000,0x0000012ee3aa0000] _byte_map_base: 0x0000012ee32a0000

Marking Bits (Prev, Next): (CMBitMap*) 0x0000012eddc54250, (CMBitMap*) 0x0000012eddc54290
 Prev Bits: [0x0000012ee3ca0000, 0x0000012ee4ca0000)
 Next Bits: [0x0000012ee4ca0000, 0x0000012ee5ca0000)

Polling page: 0x0000012edbaa0000

Metaspace:

Usage:
  Non-class:     32.78 MB used.
      Class:      4.97 MB used.
       Both:     37.75 MB used.

Virtual space:
  Non-class space:       64.00 MB reserved,      33.12 MB ( 52%) committed,  1 nodes.
      Class space:        1.00 GB reserved,       5.19 MB ( <1%) committed,  1 nodes.
             Both:        1.06 GB reserved,      38.31 MB (  4%) committed. 

Chunk freelists:
   Non-Class:  15.01 MB
       Class:  10.83 MB
        Both:  25.83 MB

MaxMetaspaceSize: unlimited
CompressedClassSpaceSize: 1.00 GB
Initial GC threshold: 21.00 MB
Current GC threshold: 63.88 MB
CDS: off
MetaspaceReclaimPolicy: balanced
 - commit_granule_bytes: 65536.
 - commit_granule_words: 8192.
 - virtual_space_node_default_size: 8388608.
 - enlarge_chunks_in_place: 1.
 - new_chunks_are_fully_committed: 0.
 - uncommit_free_chunks: 1.
 - use_allocation_guard: 0.
 - handle_deallocations: 1.


Internal statistics:

num_allocs_failed_limit: 6.
num_arena_births: 502.
num_arena_deaths: 152.
num_vsnodes_births: 2.
num_vsnodes_deaths: 0.
num_space_committed: 613.
num_space_uncommitted: 0.
num_chunks_returned_to_freelist: 175.
num_chunks_taken_from_freelist: 1645.
num_chunk_merges: 53.
num_chunk_splits: 1139.
num_chunks_enlarged: 866.
num_inconsistent_stats: 0.

CodeCache: size=49152Kb used=6630Kb max_used=6630Kb free=42521Kb
 bounds [0x0000012ee08a0000, 0x0000012ee0f20000, 0x0000012ee38a0000]
 total_blobs=4095 nmethods=3551 adapters=470
 compilation: enabled
              stopped_count=0, restarted_count=0
 full_count=0

Compilation events (20 events):
Event: 26.719 Thread 0x0000012ee8195360 3540       1       java.net.URI$Parser::scan (76 bytes)
Event: 26.720 Thread 0x0000012ee8195360 nmethod 3540 0x0000012ee0f12010 code [0x0000012ee0f121e0, 0x0000012ee0f12538]
Event: 26.724 Thread 0x0000012ee8195360 3541       1       com.google.common.base.Preconditions::checkNotNull (14 bytes)
Event: 26.724 Thread 0x0000012ee8195360 nmethod 3541 0x0000012ee0f12810 code [0x0000012ee0f129a0, 0x0000012ee0f12ac8]
Event: 26.867 Thread 0x0000012ee8195360 3542       1       java.time.temporal.ChronoField::range (5 bytes)
Event: 26.868 Thread 0x0000012ee8195360 nmethod 3542 0x0000012ee0f12b90 code [0x0000012ee0f12d20, 0x0000012ee0f12df8]
Event: 26.889 Thread 0x0000012ee8195360 3543       1       java.lang.Class::getDeclaredConstructor (31 bytes)
Event: 26.889 Thread 0x0000012ee8195360 nmethod 3543 0x0000012ee0f12e90 code [0x0000012ee0f13080, 0x0000012ee0f13398]
Event: 28.189 Thread 0x0000012ee8195360 3545       1       java.lang.invoke.InvokerBytecodeGenerator::emitIconstInsn (75 bytes)
Event: 28.190 Thread 0x0000012ee8195360 nmethod 3545 0x0000012ee0f13910 code [0x0000012ee0f13b00, 0x0000012ee0f13db8]
Event: 28.268 Thread 0x0000012ee8195360 3546       1       jdk.internal.reflect.Reflection::verifyMemberAccess (200 bytes)
Event: 28.271 Thread 0x0000012ee8195360 nmethod 3546 0x0000012ee0f13f10 code [0x0000012ee0f14280, 0x0000012ee0f150a8]
Event: 63.932 Thread 0x0000012ee8195360 3547       1       java.lang.invoke.StringConcatFactory::parseRecipe (198 bytes)
Event: 63.936 Thread 0x0000012ee8195360 nmethod 3547 0x0000012ee0f15790 code [0x0000012ee0f15a60, 0x0000012ee0f167b8]
Event: 63.936 Thread 0x0000012ee8195360 3549       1       java.lang.invoke.MethodHandles::argumentsWithCombinerChecks (197 bytes)
Event: 63.938 Thread 0x0000012ee8195360 nmethod 3549 0x0000012ee0f17090 code [0x0000012ee0f17380, 0x0000012ee0f17cf8]
Event: 63.939 Thread 0x0000012ee8195360 3548       1       java.lang.invoke.MethodHandles::argumentsWithCombiner (130 bytes)
Event: 63.940 Thread 0x0000012ee8195360 nmethod 3548 0x0000012ee0f18410 code [0x0000012ee0f18620, 0x0000012ee0f18af8]
Event: 152.943 Thread 0x0000012ee8195360 3552       1       java.util.concurrent.locks.AbstractQueuedSynchronizer::signalNext (34 bytes)
Event: 152.955 Thread 0x0000012ee8195360 nmethod 3552 0x0000012ee0f19610 code [0x0000012ee0f197a0, 0x0000012ee0f198e8]

GC Heap History (20 events):
Event: 20.453 GC heap before
{Heap before GC invocations=8 (full 0):
 garbage-first heap   total 65536K, used 46195K [0x00000000c0000000, 0x0000000100000000)
  region size 1024K, 26 young (26624K), 4 survivors (4096K)
 Metaspace       used 32560K, committed 32960K, reserved 1114112K
  class space    used 4131K, committed 4352K, reserved 1048576K
}
Event: 20.471 GC heap after
{Heap after GC invocations=9 (full 0):
 garbage-first heap   total 65536K, used 26816K [0x00000000c0000000, 0x0000000100000000)
  region size 1024K, 4 young (4096K), 4 survivors (4096K)
 Metaspace       used 32560K, committed 32960K, reserved 1114112K
  class space    used 4131K, committed 4352K, reserved 1048576K
}
Event: 23.466 GC heap before
{Heap before GC invocations=9 (full 0):
 garbage-first heap   total 65536K, used 43200K [0x00000000c0000000, 0x0000000100000000)
  region size 1024K, 21 young (21504K), 4 survivors (4096K)
 Metaspace       used 35678K, committed 36096K, reserved 1114112K
  class space    used 4590K, committed 4800K, reserved 1048576K
}
Event: 23.481 GC heap after
{Heap after GC invocations=10 (full 0):
 garbage-first heap   total 65536K, used 28407K [0x00000000c0000000, 0x0000000100000000)
  region size 1024K, 2 young (2048K), 2 survivors (2048K)
 Metaspace       used 35678K, committed 36096K, reserved 1114112K
  class space    used 4590K, committed 4800K, reserved 1048576K
}
Event: 65.116 GC heap before
{Heap before GC invocations=11 (full 0):
 garbage-first heap   total 65536K, used 47863K [0x00000000c0000000, 0x0000000100000000)
  region size 1024K, 22 young (22528K), 2 survivors (2048K)
 Metaspace       used 38803K, committed 39232K, reserved 1114112K
  class space    used 5125K, committed 5312K, reserved 1048576K
}
Event: 65.232 GC heap after
{Heap after GC invocations=12 (full 1):
 garbage-first heap   total 65536K, used 27585K [0x00000000c0000000, 0x0000000100000000)
  region size 1024K, 0 young (0K), 0 survivors (0K)
 Metaspace       used 38803K, committed 39232K, reserved 1114112K
  class space    used 5125K, committed 5312K, reserved 1048576K
}
Event: 75.806 GC heap before
{Heap before GC invocations=12 (full 1):
 garbage-first heap   total 65536K, used 27585K [0x00000000c0000000, 0x0000000100000000)
  region size 1024K, 1 young (1024K), 0 survivors (0K)
 Metaspace       used 38803K, committed 39232K, reserved 1114112K
  class space    used 5125K, committed 5312K, reserved 1048576K
}
Event: 75.999 GC heap after
{Heap after GC invocations=13 (full 2):
 garbage-first heap   total 65536K, used 23968K [0x00000000c0000000, 0x0000000100000000)
  region size 1024K, 0 young (0K), 0 survivors (0K)
 Metaspace       used 38651K, committed 39232K, reserved 1114112K
  class space    used 5087K, committed 5312K, reserved 1048576K
}
Event: 87.264 GC heap before
{Heap before GC invocations=13 (full 2):
 garbage-first heap   total 65536K, used 23968K [0x00000000c0000000, 0x0000000100000000)
  region size 1024K, 1 young (1024K), 0 survivors (0K)
 Metaspace       used 38651K, committed 39232K, reserved 1114112K
  class space    used 5087K, committed 5312K, reserved 1048576K
}
Event: 87.298 GC heap after
{Heap after GC invocations=14 (full 3):
 garbage-first heap   total 65536K, used 23968K [0x00000000c0000000, 0x0000000100000000)
  region size 1024K, 0 young (0K), 0 survivors (0K)
 Metaspace       used 38651K, committed 39232K, reserved 1114112K
  class space    used 5087K, committed 5312K, reserved 1048576K
}
Event: 101.147 GC heap before
{Heap before GC invocations=14 (full 3):
 garbage-first heap   total 65536K, used 23968K [0x00000000c0000000, 0x0000000100000000)
  region size 1024K, 1 young (1024K), 0 survivors (0K)
 Metaspace       used 38651K, committed 39232K, reserved 1114112K
  class space    used 5087K, committed 5312K, reserved 1048576K
}
Event: 101.182 GC heap after
{Heap after GC invocations=15 (full 4):
 garbage-first heap   total 65536K, used 23968K [0x00000000c0000000, 0x0000000100000000)
  region size 1024K, 0 young (0K), 0 survivors (0K)
 Metaspace       used 38651K, committed 39232K, reserved 1114112K
  class space    used 5087K, committed 5312K, reserved 1048576K
}
Event: 112.425 GC heap before
{Heap before GC invocations=15 (full 4):
 garbage-first heap   total 65536K, used 23968K [0x00000000c0000000, 0x0000000100000000)
  region size 1024K, 1 young (1024K), 0 survivors (0K)
 Metaspace       used 38651K, committed 39232K, reserved 1114112K
  class space    used 5087K, committed 5312K, reserved 1048576K
}
Event: 112.465 GC heap after
{Heap after GC invocations=16 (full 5):
 garbage-first heap   total 65536K, used 23968K [0x00000000c0000000, 0x0000000100000000)
  region size 1024K, 0 young (0K), 0 survivors (0K)
 Metaspace       used 38651K, committed 39232K, reserved 1114112K
  class space    used 5087K, committed 5312K, reserved 1048576K
}
Event: 123.404 GC heap before
{Heap before GC invocations=16 (full 5):
 garbage-first heap   total 65536K, used 23968K [0x00000000c0000000, 0x0000000100000000)
  region size 1024K, 1 young (1024K), 0 survivors (0K)
 Metaspace       used 38651K, committed 39232K, reserved 1114112K
  class space    used 5087K, committed 5312K, reserved 1048576K
}
Event: 123.439 GC heap after
{Heap after GC invocations=17 (full 6):
 garbage-first heap   total 65536K, used 23968K [0x00000000c0000000, 0x0000000100000000)
  region size 1024K, 0 young (0K), 0 survivors (0K)
 Metaspace       used 38651K, committed 39232K, reserved 1114112K
  class space    used 5087K, committed 5312K, reserved 1048576K
}
Event: 134.932 GC heap before
{Heap before GC invocations=17 (full 6):
 garbage-first heap   total 65536K, used 23968K [0x00000000c0000000, 0x0000000100000000)
  region size 1024K, 1 young (1024K), 0 survivors (0K)
 Metaspace       used 38651K, committed 39232K, reserved 1114112K
  class space    used 5087K, committed 5312K, reserved 1048576K
}
Event: 134.966 GC heap after
{Heap after GC invocations=18 (full 7):
 garbage-first heap   total 65536K, used 23968K [0x00000000c0000000, 0x0000000100000000)
  region size 1024K, 0 young (0K), 0 survivors (0K)
 Metaspace       used 38651K, committed 39232K, reserved 1114112K
  class space    used 5087K, committed 5312K, reserved 1048576K
}
Event: 146.702 GC heap before
{Heap before GC invocations=18 (full 7):
 garbage-first heap   total 65536K, used 23968K [0x00000000c0000000, 0x0000000100000000)
  region size 1024K, 1 young (1024K), 0 survivors (0K)
 Metaspace       used 38651K, committed 39232K, reserved 1114112K
  class space    used 5087K, committed 5312K, reserved 1048576K
}
Event: 146.740 GC heap after
{Heap after GC invocations=19 (full 8):
 garbage-first heap   total 65536K, used 23968K [0x00000000c0000000, 0x0000000100000000)
  region size 1024K, 0 young (0K), 0 survivors (0K)
 Metaspace       used 38651K, committed 39232K, reserved 1114112K
  class space    used 5087K, committed 5312K, reserved 1048576K
}

Dll operation events (8 events):
Event: 0.018 Loaded shared library c:\Users\USER\.vscode\extensions\redhat.java-1.28.1-win32-x64\jre\17.0.10-win32-x86_64\bin\java.dll
Event: 1.690 Loaded shared library C:\Users\USER\.vscode\extensions\redhat.java-1.28.1-win32-x64\jre\17.0.10-win32-x86_64\bin\net.dll
Event: 1.699 Loaded shared library C:\Users\USER\.vscode\extensions\redhat.java-1.28.1-win32-x64\jre\17.0.10-win32-x86_64\bin\nio.dll
Event: 1.718 Loaded shared library C:\Users\USER\.vscode\extensions\redhat.java-1.28.1-win32-x64\jre\17.0.10-win32-x86_64\bin\zip.dll
Event: 3.580 Loaded shared library C:\Users\USER\.vscode\extensions\redhat.java-1.28.1-win32-x64\jre\17.0.10-win32-x86_64\bin\jimage.dll
Event: 10.711 Loaded shared library c:\Users\USER\.vscode\extensions\redhat.java-1.28.1-win32-x64\jre\17.0.10-win32-x86_64\bin\verify.dll
Event: 23.839 Loaded shared library C:\Users\USER\.vscode\extensions\redhat.java-1.28.1-win32-x64\jre\17.0.10-win32-x86_64\bin\management.dll
Event: 23.846 Loaded shared library C:\Users\USER\.vscode\extensions\redhat.java-1.28.1-win32-x64\jre\17.0.10-win32-x86_64\bin\management_ext.dll

Deoptimization events (4 events):
Event: 26.710 Thread 0x0000012eed319b10 DEOPT PACKING pc=0x0000012ee0d35001 sp=0x0000002a90bfd9c0
Event: 26.710 Thread 0x0000012eed319b10 DEOPT UNPACKING pc=0x0000012ee08f7143 sp=0x0000002a90bfce50 mode 3
Event: 26.868 Thread 0x0000012eed9b6db0 DEOPT PACKING pc=0x0000012ee0d11597 sp=0x0000002a90cfecf0
Event: 26.868 Thread 0x0000012eed9b6db0 DEOPT UNPACKING pc=0x0000012ee08f7143 sp=0x0000002a90cfe148 mode 3

Classes unloaded (20 events):
Event: 75.835 Thread 0x0000012ee8110520 Unloading class 0x0000000100094800 'java/lang/invoke/LambdaForm$MH+0x0000000100094800'
Event: 75.835 Thread 0x0000012ee8110520 Unloading class 0x0000000100094400 'java/lang/invoke/LambdaForm$MH+0x0000000100094400'
Event: 75.835 Thread 0x0000012ee8110520 Unloading class 0x000000010008e800 'java/lang/invoke/LambdaForm$MH+0x000000010008e800'
Event: 75.835 Thread 0x0000012ee8110520 Unloading class 0x000000010008e400 'java/lang/invoke/LambdaForm$MH+0x000000010008e400'
Event: 75.835 Thread 0x0000012ee8110520 Unloading class 0x000000010008e000 'java/lang/invoke/LambdaForm$MH+0x000000010008e000'
Event: 75.835 Thread 0x0000012ee8110520 Unloading class 0x000000010008dc00 'java/lang/invoke/LambdaForm$MH+0x000000010008dc00'
Event: 75.835 Thread 0x0000012ee8110520 Unloading class 0x000000010008d800 'java/lang/invoke/LambdaForm$MH+0x000000010008d800'
Event: 75.835 Thread 0x0000012ee8110520 Unloading class 0x000000010008d400 'java/lang/invoke/LambdaForm$MH+0x000000010008d400'
Event: 75.835 Thread 0x0000012ee8110520 Unloading class 0x000000010008cc00 'java/lang/invoke/LambdaForm$MH+0x000000010008cc00'
Event: 75.835 Thread 0x0000012ee8110520 Unloading class 0x000000010008c800 'java/lang/invoke/LambdaForm$MH+0x000000010008c800'
Event: 75.835 Thread 0x0000012ee8110520 Unloading class 0x000000010008c000 'java/lang/invoke/LambdaForm$MH+0x000000010008c000'
Event: 75.835 Thread 0x0000012ee8110520 Unloading class 0x000000010008bc00 'java/lang/invoke/LambdaForm$MH+0x000000010008bc00'
Event: 75.835 Thread 0x0000012ee8110520 Unloading class 0x000000010008ac00 'java/lang/invoke/LambdaForm$MH+0x000000010008ac00'
Event: 75.836 Thread 0x0000012ee8110520 Unloading class 0x000000010008a400 'java/lang/invoke/LambdaForm$MH+0x000000010008a400'
Event: 75.836 Thread 0x0000012ee8110520 Unloading class 0x000000010008a000 'java/lang/invoke/LambdaForm$MH+0x000000010008a000'
Event: 75.836 Thread 0x0000012ee8110520 Unloading class 0x0000000100089c00 'java/lang/invoke/LambdaForm$MH+0x0000000100089c00'
Event: 75.836 Thread 0x0000012ee8110520 Unloading class 0x0000000100089800 'java/lang/invoke/LambdaForm$MH+0x0000000100089800'
Event: 75.836 Thread 0x0000012ee8110520 Unloading class 0x0000000100089400 'java/lang/invoke/LambdaForm$MH+0x0000000100089400'
Event: 75.836 Thread 0x0000012ee8110520 Unloading class 0x0000000100088c00 'java/lang/invoke/LambdaForm$MH+0x0000000100088c00'
Event: 75.836 Thread 0x0000012ee8110520 Unloading class 0x0000000100088400 'java/lang/invoke/LambdaForm$MH+0x0000000100088400'

Classes redefined (0 events):
No events

Internal exceptions (20 events):
Event: 16.480 Thread 0x0000012eddc17310 Exception <a 'java/lang/NoSuchMethodError'{0x00000000c29bdff8}: 'java.lang.Object java.lang.invoke.DirectMethodHandle$Holder.invokeSpecial(java.lang.Object, java.lang.Object, int, java.lang.Object, java.lang.Object)'> (0x00000000c29bdff8) 
thrown [s\src\hotspot\share\interpreter\linkResolver.cpp, line 759]
Event: 16.481 Thread 0x0000012eddc17310 Exception <a 'java/lang/NoSuchMethodError'{0x00000000c29c1ca0}: 'java.lang.Object java.lang.invoke.DelegatingMethodHandle$Holder.delegate(java.lang.Object, int, java.lang.Object, java.lang.Object)'> (0x00000000c29c1ca0) 
thrown [s\src\hotspot\share\interpreter\linkResolver.cpp, line 759]
Event: 16.484 Thread 0x0000012eddc17310 Exception <a 'java/lang/NoSuchMethodError'{0x00000000c29d2b28}: 'int java.lang.invoke.Invokers$Holder.linkToTargetMethod(java.lang.Object, java.lang.Object, java.lang.Object)'> (0x00000000c29d2b28) 
thrown [s\src\hotspot\share\interpreter\linkResolver.cpp, line 759]
Event: 17.655 Thread 0x0000012eddc17310 Exception <a 'java/lang/NoSuchMethodError'{0x00000000c3b546b0}: 'java.lang.Object java.lang.invoke.DirectMethodHandle$Holder.invokeStaticInit(java.lang.Object, int, int, int, int)'> (0x00000000c3b546b0) 
thrown [s\src\hotspot\share\interpreter\linkResolver.cpp, line 759]
Event: 18.449 Thread 0x0000012eddc17310 Exception <a 'java/lang/NoSuchMethodError'{0x00000000c3a3b0e8}: 'java.lang.Object java.lang.invoke.DirectMethodHandle$Holder.invokeStaticInit(java.lang.Object, java.lang.Object, int, int, int, int)'> (0x00000000c3a3b0e8) 
thrown [s\src\hotspot\share\interpreter\linkResolver.cpp, line 759]
Event: 19.849 Thread 0x0000012eddc17310 Exception <a 'java/lang/NoSuchMethodError'{0x00000000c325f8e8}: 'void java.lang.invoke.DirectMethodHandle$Holder.invokeSpecialIFC(java.lang.Object, java.lang.Object, java.lang.Object)'> (0x00000000c325f8e8) 
thrown [s\src\hotspot\share\interpreter\linkResolver.cpp, line 759]
Event: 21.362 Thread 0x0000012eddc17310 Exception <a 'java/lang/NoSuchMethodError'{0x00000000c38da9a0}: 'int java.lang.invoke.DirectMethodHandle$Holder.invokeStaticInit(java.lang.Object, java.lang.Object, int, java.lang.Object)'> (0x00000000c38da9a0) 
thrown [s\src\hotspot\share\interpreter\linkResolver.cpp, line 759]
Event: 21.552 Thread 0x0000012eddc17310 Exception <a 'java/lang/NoSuchMethodError'{0x00000000c37e90e0}: 'void java.lang.invoke.DirectMethodHandle$Holder.invokeSpecial(java.lang.Object, java.lang.Object, java.lang.Object, java.lang.Object, java.lang.Object, java.lang.Object, java.lang.Object)'> (0x00000000c37e90e0) 
thrown [s\src\hotspot\share\interpreter\linkResolver.cpp, line 759]
Event: 22.542 Thread 0x0000012eddc17310 Exception <a 'java/lang/NoSuchMethodError'{0x00000000c33f2220}: 'java.lang.Object java.lang.invoke.DirectMethodHandle$Holder.invokeInterface(java.lang.Object, java.lang.Object, int)'> (0x00000000c33f2220) 
thrown [s\src\hotspot\share\interpreter\linkResolver.cpp, line 759]
Event: 22.547 Thread 0x0000012eddc17310 Exception <a 'java/lang/IncompatibleClassChangeError'{0x00000000c3205888}: Found class java.lang.Object, but interface was expected> (0x00000000c3205888) 
thrown [s\src\hotspot\share\interpreter\linkResolver.cpp, line 826]
Event: 23.757 Thread 0x0000012eddc17310 Exception <a 'java/lang/NoSuchMethodError'{0x00000000c3d93ff8}: 'java.lang.Object java.lang.invoke.DirectMethodHandle$Holder.newInvokeSpecial(java.lang.Object, java.lang.Object, int, java.lang.Object, java.lang.Object)'> (0x00000000c3d93ff8) 
thrown [s\src\hotspot\share\interpreter\linkResolver.cpp, line 759]
Event: 23.759 Thread 0x0000012eddc17310 Exception <a 'java/lang/NoSuchMethodError'{0x00000000c3da6e20}: 'java.lang.Object java.lang.invoke.DirectMethodHandle$Holder.invokeSpecial(java.lang.Object, java.lang.Object, int, java.lang.Object, int, java.lang.Object)'> (0x00000000c3da6e20) 
thrown [s\src\hotspot\share\interpreter\linkResolver.cpp, line 759]
Event: 23.760 Thread 0x0000012eddc17310 Exception <a 'java/lang/NoSuchMethodError'{0x00000000c3daec28}: 'java.lang.Object java.lang.invoke.DirectMethodHandle$Holder.newInvokeSpecial(java.lang.Object, java.lang.Object, int, java.lang.Object, int)'> (0x00000000c3daec28) 
thrown [s\src\hotspot\share\interpreter\linkResolver.cpp, line 759]
Event: 23.760 Thread 0x0000012eddc17310 Exception <a 'java/lang/NoSuchMethodError'{0x00000000c3db2d28}: 'java.lang.Object java.lang.invoke.DirectMethodHandle$Holder.invokeSpecial(java.lang.Object, java.lang.Object, java.lang.Object, int, java.lang.Object, int)'> (0x00000000c3db2d28) 
thrown [s\src\hotspot\share\interpreter\linkResolver.cpp, line 759]
Event: 25.791 Thread 0x0000012eed9b6db0 Exception <a 'java/lang/NoSuchMethodError'{0x00000000c3225318}: 'java.lang.Object java.lang.invoke.DirectMethodHandle$Holder.invokeStatic(java.lang.Object, int, java.lang.Object)'> (0x00000000c3225318) 
thrown [s\src\hotspot\share\interpreter\linkResolver.cpp, line 759]
Event: 26.568 Thread 0x0000012eed319b10 Exception <a 'java/lang/NoSuchMethodError'{0x00000000c32a6310}: 'java.lang.Object java.lang.invoke.DirectMethodHandle$Holder.invokeStatic(java.lang.Object, java.lang.Object, java.lang.Object, int, java.lang.Object, java.lang.Object)'> (0x00000000c32a6310) 
thrown [s\src\hotspot\share\interpreter\linkResolver.cpp, line 759]
Event: 28.189 Thread 0x0000012eedbc4610 Exception <a 'java/lang/NoSuchMethodError'{0x00000000c2a99558}: 'int java.lang.invoke.DirectMethodHandle$Holder.invokeStatic(java.lang.Object)'> (0x00000000c2a99558) 
thrown [s\src\hotspot\share\interpreter\linkResolver.cpp, line 759]
Event: 28.191 Thread 0x0000012eedbc4610 Exception <a 'java/lang/NoSuchMethodError'{0x00000000c2a9c958}: 'int java.lang.invoke.DirectMethodHandle$Holder.invokeStaticInit(java.lang.Object)'> (0x00000000c2a9c958) 
thrown [s\src\hotspot\share\interpreter\linkResolver.cpp, line 759]
Event: 64.322 Thread 0x0000012eed7ff740 Exception <a 'java/lang/NoSuchMethodError'{0x00000000c2adb3b8}: 'void java.lang.invoke.DirectMethodHandle$Holder.invokeStatic(java.lang.Object, long)'> (0x00000000c2adb3b8) 
thrown [s\src\hotspot\share\interpreter\linkResolver.cpp, line 759]
Event: 64.325 Thread 0x0000012eed7ff740 Exception <a 'java/lang/NoSuchMethodError'{0x00000000c2ae0760}: 'java.lang.Object java.lang.invoke.DirectMethodHandle$Holder.newInvokeSpecial(java.lang.Object, long)'> (0x00000000c2ae0760) 
thrown [s\src\hotspot\share\interpreter\linkResolver.cpp, line 759]

VM Operations (20 events):
Event: 64.216 Executing VM operation: Cleanup done
Event: 64.363 Executing VM operation: HandshakeAllThreads
Event: 64.363 Executing VM operation: HandshakeAllThreads done
Event: 65.114 Executing VM operation: G1CollectFull
Event: 65.233 Executing VM operation: G1CollectFull done
Event: 75.806 Executing VM operation: G1CollectFull
Event: 75.999 Executing VM operation: G1CollectFull done
Event: 87.264 Executing VM operation: G1CollectFull
Event: 87.298 Executing VM operation: G1CollectFull done
Event: 101.146 Executing VM operation: G1CollectFull
Event: 101.182 Executing VM operation: G1CollectFull done
Event: 112.425 Executing VM operation: G1CollectFull
Event: 112.465 Executing VM operation: G1CollectFull done
Event: 123.403 Executing VM operation: G1CollectFull
Event: 123.439 Executing VM operation: G1CollectFull done
Event: 134.932 Executing VM operation: G1CollectFull
Event: 134.967 Executing VM operation: G1CollectFull done
Event: 146.702 Executing VM operation: G1CollectFull
Event: 146.740 Executing VM operation: G1CollectFull done
Event: 158.212 Executing VM operation: G1CollectFull

Events (20 events):
Event: 26.721 Thread 0x0000012eedbc4100 Thread added: 0x0000012eedbc4100
Event: 27.360 Thread 0x0000012eedbc4610 Thread added: 0x0000012eedbc4610
Event: 28.267 loading class java/util/concurrent/atomic/AtomicLongFieldUpdater
Event: 28.268 loading class java/util/concurrent/atomic/AtomicLongFieldUpdater done
Event: 28.269 loading class java/util/concurrent/atomic/AtomicLongFieldUpdater$CASUpdater
Event: 28.270 loading class java/util/concurrent/atomic/AtomicLongFieldUpdater$CASUpdater done
Event: 28.270 loading class java/util/concurrent/atomic/AtomicLongFieldUpdater$CASUpdater$1
Event: 28.270 loading class java/util/concurrent/atomic/AtomicLongFieldUpdater$CASUpdater$1 done
Event: 63.941 loading class java/lang/ProcessBuilder
Event: 63.941 loading class java/lang/ProcessBuilder done
Event: 63.942 loading class java/lang/ProcessImpl
Event: 63.943 loading class java/lang/ProcessImpl done
Event: 64.327 loading class java/lang/ProcessImpl$2
Event: 64.328 loading class java/lang/ProcessImpl$2 done
Event: 64.328 loading class java/lang/Process$PipeInputStream
Event: 64.357 loading class java/lang/Process$PipeInputStream done
Event: 64.363 loading class jdk/internal/event/ProcessStartEvent
Event: 64.364 loading class jdk/internal/event/ProcessStartEvent done
Event: 65.113 loading class java/io/FileOutputStream$1
Event: 65.113 loading class java/io/FileOutputStream$1 done


Dynamic libraries:
0x00007ff63ce50000 - 0x00007ff63ce5e000 	c:\Users\USER\.vscode\extensions\redhat.java-1.28.1-win32-x64\jre\17.0.10-win32-x86_64\bin\java.exe
0x00007fffd2610000 - 0x00007fffd2808000 	C:\WINDOWS\SYSTEM32\ntdll.dll
0x00007fffc3440000 - 0x00007fffc3459000 	C:\Program Files\AVG\Antivirus\aswhook.dll
0x00007fffd0ce0000 - 0x00007fffd0d9d000 	C:\WINDOWS\System32\KERNEL32.DLL
0x00007fffcfe70000 - 0x00007fffd0166000 	C:\WINDOWS\System32\KERNELBASE.dll
0x00007fffcfcd0000 - 0x00007fffcfdd0000 	C:\WINDOWS\System32\ucrtbase.dll
0x00007fffc83b0000 - 0x00007fffc83c7000 	c:\Users\USER\.vscode\extensions\redhat.java-1.28.1-win32-x64\jre\17.0.10-win32-x86_64\bin\jli.dll
0x00007fffd0e00000 - 0x00007fffd0f9e000 	C:\WINDOWS\System32\USER32.dll
0x00007fffd0320000 - 0x00007fffd0342000 	C:\WINDOWS\System32\win32u.dll
0x00007fffd21d0000 - 0x00007fffd21fb000 	C:\WINDOWS\System32\GDI32.dll
0x00007fffd0380000 - 0x00007fffd0497000 	C:\WINDOWS\System32\gdi32full.dll
0x00007fffcfdd0000 - 0x00007fffcfe6d000 	C:\WINDOWS\System32\msvcp_win.dll
0x00007fffc2fe0000 - 0x00007fffc2ffb000 	c:\Users\USER\.vscode\extensions\redhat.java-1.28.1-win32-x64\jre\17.0.10-win32-x86_64\bin\VCRUNTIME140.dll
0x00007fffbc300000 - 0x00007fffbc59a000 	C:\WINDOWS\WinSxS\amd64_microsoft.windows.common-controls_6595b64144ccf1df_6.0.19041.3636_none_60b6a03d71f818d5\COMCTL32.dll
0x00007fffd2130000 - 0x00007fffd21ce000 	C:\WINDOWS\System32\msvcrt.dll
0x00007fffd1e30000 - 0x00007fffd1e62000 	C:\WINDOWS\System32\IMM32.DLL
0x00007fffcb790000 - 0x00007fffcb79c000 	c:\Users\USER\.vscode\extensions\redhat.java-1.28.1-win32-x64\jre\17.0.10-win32-x86_64\bin\vcruntime140_1.dll
0x00007fffa1170000 - 0x00007fffa11fd000 	c:\Users\USER\.vscode\extensions\redhat.java-1.28.1-win32-x64\jre\17.0.10-win32-x86_64\bin\msvcp140.dll
0x00007fff77ef0000 - 0x00007fff78b52000 	c:\Users\USER\.vscode\extensions\redhat.java-1.28.1-win32-x64\jre\17.0.10-win32-x86_64\bin\server\jvm.dll
0x00007fffd1f40000 - 0x00007fffd1ff3000 	C:\WINDOWS\System32\ADVAPI32.dll
0x00007fffd2200000 - 0x00007fffd229f000 	C:\WINDOWS\System32\sechost.dll
0x00007fffd0830000 - 0x00007fffd0956000 	C:\WINDOWS\System32\RPCRT4.dll
0x00007fffd0350000 - 0x00007fffd0377000 	C:\WINDOWS\System32\bcrypt.dll
0x00007fffcfb30000 - 0x00007fffcfb7b000 	C:\WINDOWS\SYSTEM32\POWRPROF.dll
0x00007fffce3f0000 - 0x00007fffce3f9000 	C:\WINDOWS\SYSTEM32\WSOCK32.dll
0x00007fffd1e70000 - 0x00007fffd1edb000 	C:\WINDOWS\System32\WS2_32.dll
0x00007fffbfae0000 - 0x00007fffbfb07000 	C:\WINDOWS\SYSTEM32\WINMM.dll
0x00007fffc80c0000 - 0x00007fffc80ca000 	C:\WINDOWS\SYSTEM32\VERSION.dll
0x00007fffcfb10000 - 0x00007fffcfb22000 	C:\WINDOWS\SYSTEM32\UMPDC.dll
0x00007fffce510000 - 0x00007fffce522000 	C:\WINDOWS\SYSTEM32\kernel.appcore.dll
0x00007fffca4c0000 - 0x00007fffca4ca000 	c:\Users\USER\.vscode\extensions\redhat.java-1.28.1-win32-x64\jre\17.0.10-win32-x86_64\bin\jimage.dll
0x00007fffcda40000 - 0x00007fffcdc24000 	C:\WINDOWS\SYSTEM32\DBGHELP.DLL
0x00007fffc3480000 - 0x00007fffc34b4000 	C:\WINDOWS\SYSTEM32\dbgcore.DLL
0x00007fffd0170000 - 0x00007fffd01f2000 	C:\WINDOWS\System32\bcryptPrimitives.dll
0x00007fffb2eb0000 - 0x00007fffb2ed5000 	c:\Users\USER\.vscode\extensions\redhat.java-1.28.1-win32-x64\jre\17.0.10-win32-x86_64\bin\java.dll
0x00007fffb3a80000 - 0x00007fffb3a98000 	c:\Users\USER\.vscode\extensions\redhat.java-1.28.1-win32-x64\jre\17.0.10-win32-x86_64\bin\zip.dll
0x00007fffd10c0000 - 0x00007fffd1805000 	C:\WINDOWS\System32\SHELL32.dll
0x00007fffcdc50000 - 0x00007fffce3ec000 	C:\WINDOWS\SYSTEM32\windows.storage.dll
0x00007fffd0960000 - 0x00007fffd0cb4000 	C:\WINDOWS\System32\combase.dll
0x00007fffcf630000 - 0x00007fffcf65e000 	C:\WINDOWS\SYSTEM32\Wldp.dll
0x00007fffd2000000 - 0x00007fffd20cd000 	C:\WINDOWS\System32\OLEAUT32.dll
0x00007fffd0780000 - 0x00007fffd082d000 	C:\WINDOWS\System32\SHCORE.dll
0x00007fffd0da0000 - 0x00007fffd0df5000 	C:\WINDOWS\System32\shlwapi.dll
0x00007fffcfc00000 - 0x00007fffcfc25000 	C:\WINDOWS\SYSTEM32\profapi.dll
0x00007fffaa0c0000 - 0x00007fffaa0d9000 	C:\Users\USER\.vscode\extensions\redhat.java-1.28.1-win32-x64\jre\17.0.10-win32-x86_64\bin\net.dll
0x00007fffc3030000 - 0x00007fffc313a000 	C:\WINDOWS\SYSTEM32\WINHTTP.dll
0x00007fffcf390000 - 0x00007fffcf3fa000 	C:\WINDOWS\system32\mswsock.dll
0x00007fffa83c0000 - 0x00007fffa83d6000 	C:\Users\USER\.vscode\extensions\redhat.java-1.28.1-win32-x64\jre\17.0.10-win32-x86_64\bin\nio.dll
0x00007fffc9a00000 - 0x00007fffc9a10000 	c:\Users\USER\.vscode\extensions\redhat.java-1.28.1-win32-x64\jre\17.0.10-win32-x86_64\bin\verify.dll
0x00007fffcf580000 - 0x00007fffcf598000 	C:\WINDOWS\SYSTEM32\CRYPTSP.dll
0x00007fffcecc0000 - 0x00007fffcecf4000 	C:\WINDOWS\system32\rsaenh.dll
0x00007fffcfbc0000 - 0x00007fffcfbee000 	C:\WINDOWS\SYSTEM32\USERENV.dll
0x00007fffcf5a0000 - 0x00007fffcf5ac000 	C:\WINDOWS\SYSTEM32\CRYPTBASE.dll
0x00007fffcf080000 - 0x00007fffcf0bb000 	C:\WINDOWS\SYSTEM32\IPHLPAPI.DLL
0x00007fffd06e0000 - 0x00007fffd06e8000 	C:\WINDOWS\System32\NSI.dll
0x00007fffc37a0000 - 0x00007fffc37b7000 	C:\WINDOWS\SYSTEM32\dhcpcsvc6.DLL
0x00007fffc77d0000 - 0x00007fffc77ed000 	C:\WINDOWS\SYSTEM32\dhcpcsvc.DLL
0x00007fffcf0c0000 - 0x00007fffcf18b000 	C:\WINDOWS\SYSTEM32\DNSAPI.dll
0x00007fffcb7d0000 - 0x00007fffcb7d9000 	C:\Users\USER\.vscode\extensions\redhat.java-1.28.1-win32-x64\jre\17.0.10-win32-x86_64\bin\management.dll
0x00007fffca550000 - 0x00007fffca55b000 	C:\Users\USER\.vscode\extensions\redhat.java-1.28.1-win32-x64\jre\17.0.10-win32-x86_64\bin\management_ext.dll
0x00007fffd2380000 - 0x00007fffd2388000 	C:\WINDOWS\System32\PSAPI.DLL

dbghelp: loaded successfully - version: 4.0.5 - missing functions: none
symbol engine: initialized successfully - sym options: 0x614 - pdb path: .;c:\Users\USER\.vscode\extensions\redhat.java-1.28.1-win32-x64\jre\17.0.10-win32-x86_64\bin;C:\WINDOWS\SYSTEM32;C:\Program Files\AVG\Antivirus;C:\WINDOWS\WinSxS\amd64_microsoft.windows.common-controls_6595b64144ccf1df_6.0.19041.3636_none_60b6a03d71f818d5;c:\Users\USER\.vscode\extensions\redhat.java-1.28.1-win32-x64\jre\17.0.10-win32-x86_64\bin\server

VM Arguments:
jvm_args: -XX:+HeapDumpOnOutOfMemoryError -Xmx1024m -Dsts.lsp.client=vscode -Dsts.log.file=/dev/null -XX:TieredStopAtLevel=1 -Xlog:jni+resolve=off -Dspring.config.location=file:c:\Users\USER\.vscode\extensions\vmware.vscode-spring-boot-1.52.0\language-server\BOOT-INF\classes\application.properties 
java_command: org.springframework.ide.vscode.boot.app.BootLanguageServerBootApp
java_class_path (initial): c:\Users\USER\.vscode\extensions\vmware.vscode-spring-boot-1.52.0\language-server\BOOT-INF\classes;c:\Users\USER\.vscode\extensions\vmware.vscode-spring-boot-1.52.0\language-server\BOOT-INF\lib\annotations-24.1.0.jar;c:\Users\USER\.vscode\extensions\vmware.vscode-spring-boot-1.52.0\language-server\BOOT-INF\lib\antlr4-runtime-4.11.1.jar;c:\Users\USER\.vscode\extensions\vmware.vscode-spring-boot-1.52.0\language-server\BOOT-INF\lib\asm-9.6.jar;c:\Users\USER\.vscode\extensions\vmware.vscode-spring-boot-1.52.0\language-server\BOOT-INF\lib\asm-analysis-9.6.jar;c:\Users\USER\.vscode\extensions\vmware.vscode-spring-boot-1.52.0\language-server\BOOT-INF\lib\asm-tree-9.6.jar;c:\Users\USER\.vscode\extensions\vmware.vscode-spring-boot-1.52.0\language-server\BOOT-INF\lib\asm-util-9.6.jar;c:\Users\USER\.vscode\extensions\vmware.vscode-spring-boot-1.52.0\language-server\BOOT-INF\lib\caffeine-3.1.8.jar;c:\Users\USER\.vscode\extensions\vmware.vscode-spring-boot-1.52.0\language-server\BOOT-INF\lib\checker-qual-3.12.0.jar;c:\Users\USER\.vscode\extensions\vmware.vscode-spring-boot-1.52.0\language-server\BOOT-INF\lib\classgraph-4.8.149.jar;c:\Users\USER\.vscode\extensions\vmware.vscode-spring-boot-1.52.0\language-server\BOOT-INF\lib\commons-codec-1.16.0.jar;c:\Users\USER\.vscode\extensions\vmware.vscode-spring-boot-1.52.0\language-server\BOOT-INF\lib\commons-compress-1.25.0.jar;c:\Users\USER\.vscode\extensions\vmware.vscode-spring-boot-1.52.0\language-server\BOOT-INF\lib\commons-io-2.4.jar;c:\Users\USER\.vscode\extensions\vmware.vscode-spring-boot-1.52.0\language-server\BOOT-INF\lib\commons-java-1.52.0-SNAPSHOT.jar;c:\Users\USER\.vscode\extensions\vmware.vscode-spring-boot-1.52.0\language-server\BOOT-INF\lib\commons-lang3-3.13.0.jar;c:\Users\USER\.vscode\extensions\vmware.vscode-spring-boot-1.52.0\language-server\BOOT-INF\lib\commons-language-server-1.52.0-SNAPSHOT.jar;c:\Users\USER\.vscode\extensions\vmware.vscode-spring-boot-1.52.0\language-server\BOOT-INF\
Launcher Type: SUN_STANDARD

[Global flags]
     intx CICompilerCount                          = 3                                         {product} {ergonomic}
     uint ConcGCThreads                            = 1                                         {product} {ergonomic}
     uint G1ConcRefinementThreads                  = 4                                         {product} {ergonomic}
   size_t G1HeapRegionSize                         = 1048576                                   {product} {ergonomic}
    uintx GCDrainStackTargetSize                   = 64                                        {product} {ergonomic}
     bool HeapDumpOnOutOfMemoryError               = true                                   {manageable} {command line}
   size_t InitialHeapSize                          = 67108864                                  {product} {ergonomic}
   size_t MarkStackSize                            = 4194304                                   {product} {ergonomic}
   size_t MaxHeapSize                              = 1073741824                                {product} {command line}
   size_t MaxNewSize                               = 643825664                                 {product} {ergonomic}
   size_t MinHeapDeltaBytes                        = 1048576                                   {product} {ergonomic}
   size_t MinHeapSize                              = 8388608                                   {product} {ergonomic}
    uintx NonProfiledCodeHeapSize                  = 0                                      {pd product} {ergonomic}
     bool ProfileInterpreter                       = false                                  {pd product} {command line}
    uintx ProfiledCodeHeapSize                     = 0                                      {pd product} {ergonomic}
   size_t SoftMaxHeapSize                          = 1073741824                             {manageable} {ergonomic}
     intx TieredStopAtLevel                        = 1                                         {product} {command line}
     bool UseCompressedClassPointers               = true                           {product lp64_product} {ergonomic}
     bool UseCompressedOops                        = true                           {product lp64_product} {ergonomic}
     bool UseG1GC                                  = true                                      {product} {ergonomic}
     bool UseLargePagesIndividualAllocation        = false                                  {pd product} {ergonomic}

Logging:
Log output configuration:
 #0: stdout all=warning,jni+resolve=off uptime,level,tags
 #1: stderr all=off uptime,level,tags

Environment Variables:
JAVA_HOME=C:\Users\USER\AppData\Local\Programs\Eclipse Adoptium\jdk-17.0.7.7-hotspot\
PATH=D:\Desktop\maven\apache-maven-3.9.6\bin;C:\WINDOWS\system32;C:\WINDOWS;C:\WINDOWS\System32\Wbem;C:\WINDOWS\System32\WindowsPowerShell\v1.0\;C:\WINDOWS\System32\OpenSSH\;C:\Program Files (x86)\QuickTime\QTSystem\;C:\Program Files (x86)\mingw-w64\bin;C:\Program Files (x86)\Microsoft SQL Server\160\Tools\Binn\;C:\Program Files\Microsoft SQL Server\160\Tools\Binn\;C:\Program Files\Microsoft SQL Server\Client SDK\ODBC\170\Tools\Binn\;C:\Program Files\Microsoft SQL Server\160\DTS\Binn\;C:\Program Files (x86)\Microsoft SQL Server\160\DTS\Binn\;C:\Program Files\Azure Data Studio\bin;C:\Program Files\Git\cmd;C:\xampp\php;C:\Program Files\nodejs\;C:\Program Files\Cloudflare\Cloudflare WARP\;C:\Program Files\MySQL\MySQL Shell 8.0\bin\;C:\Users\USER\.console-ninja\.bin;C:\Users\USER\AppData\Local\Programs\Python\Python312\Scripts\;C:\Users\USER\AppData\Local\Programs\Python\Python312\;C:\Users\USER\AppData\Local\Programs\Eclipse Adoptium\jdk-17.0.7.7-hotspot\bin;C:\Users\USER\AppData\Local\Microsoft\WindowsApps;C:\msys64\mingw64\bin;;C:\Program Files\Azure Data Studio\bin;C:\Users\USER\AppData\Local\Programs\Microsoft VS Code\bin;C:\Program Files (x86)\Nmap;C:\Program Files\JetBrains\IntelliJ IDEA Community Edition 2023.3.2\bin;;C:\Users\USER\AppData\Roaming\npm
USERNAME=USER
OS=Windows_NT
PROCESSOR_IDENTIFIER=Intel64 Family 6 Model 78 Stepping 3, GenuineIntel
TMP=C:\Users\USER\AppData\Local\Temp
TEMP=C:\Users\USER\AppData\Local\Temp



Periodic native trim disabled


---------------  S Y S T E M  ---------------

OS:
 Windows 10 , 64 bit Build 19041 (10.0.19041.3636)
OS uptime: 0 days 18:36 hours

CPU: total 4 (initial active 4) (2 cores per cpu, 2 threads per core) family 6 model 78 stepping 3 microcode 0xcc, cx8, cmov, fxsr, ht, mmx, 3dnowpref, sse, sse2, sse3, ssse3, sse4.1, sse4.2, popcnt, lzcnt, tsc, tscinvbit, avx, avx2, aes, erms, clmul, bmi1, bmi2, adx, fma, vzeroupper, clflush, clflushopt
Processor Information for all 4 processors :
  Max Mhz: 2400, Current Mhz: 2300, Mhz Limit: 2280

Memory: 4k page, system-wide physical 3984M (162M free)
TotalPageFile size 16272M (AvailPageFile size 8M)
current process WorkingSet (physical memory assigned to process): 40M, peak: 146M
current process commit charge ("private bytes"): 184M, peak: 190M

vm_info: OpenJDK 64-Bit Server VM (17.0.10+7) for windows-amd64 JRE (17.0.10+7), built on Jan 16 2024 23:25:11 by "admin" with MS VC++ 16.10 / 16.11 (VS2019)

END.
