#
# There is insufficient memory for the Java Runtime Environment to continue.
# Native memory allocation (mmap) failed to map 65536 bytes for Failed to commit metaspace.
# Possible reasons:
#   The system is out of physical RAM or swap space
#   The process is running with CompressedOops enabled, and the Java Heap may be blocking the growth of the native heap
# Possible solutions:
#   Reduce memory load on the system
#   Increase physical memory or swap space
#   Check if swap backing store is full
#   Decrease Java heap size (-Xmx/-Xms)
#   Decrease number of Java threads
#   Decrease Java thread stack sizes (-Xss)
#   Set larger code cache with -XX:ReservedCodeCacheSize=
#   JVM is running with Unscaled Compressed Oops mode in which the Java heap is
#     placed in the first 4GB address space. The Java Heap base address is the
#     maximum limit for the native heap growth. Please use -XX:HeapBaseMinAddress
#     to set the Java Heap base and to place the Java Heap above 4GB virtual address.
# This output file may be truncated or incomplete.
#
#  Out of Memory Error (virtualSpaceNode.cpp:110), pid=14040, tid=6824
#
# JRE version: OpenJDK Runtime Environment Temurin-17.0.10+7 (17.0.10+7) (build 17.0.10+7)
# Java VM: OpenJDK 64-Bit Server VM Temurin-17.0.10+7 (17.0.10+7, mixed mode, emulated-client, tiered, compressed oops, compressed class ptrs, g1 gc, windows-amd64)
# No core dump will be written. Minidumps are not enabled by default on client versions of Windows
#

---------------  S U M M A R Y ------------

Command Line: -XX:+HeapDumpOnOutOfMemoryError -Xmx1024m -Dsts.lsp.client=vscode -Dsts.log.file=/dev/null -XX:TieredStopAtLevel=1 -Xlog:jni+resolve=off -Dspring.config.location=file:c:\Users\USER\.vscode\extensions\vmware.vscode-spring-boot-1.52.0\language-server\BOOT-INF\classes\application.properties org.springframework.ide.vscode.boot.app.BootLanguageServerBootApp

Host: Intel(R) Core(TM) i5-6200U CPU @ 2.30GHz, 4 cores, 3G,  Windows 10 , 64 bit Build 19041 (10.0.19041.3636)
Time: Wed Feb 28 09:32:48 2024 SE Asia Standard Time elapsed time: 2.295142 seconds (0d 0h 0m 2s)

---------------  T H R E A D  ---------------

Current thread (0x000001d9b3717420):  JavaThread "main" [_thread_in_vm, id=6824, stack(0x0000004e43a00000,0x0000004e43b00000)]

Stack: [0x0000004e43a00000,0x0000004e43b00000]
Native frames: (J=compiled Java code, j=interpreted, Vv=VM code, C=native code)
V  [jvm.dll+0x67d2c9]
V  [jvm.dll+0x834afa]
V  [jvm.dll+0x8365be]
V  [jvm.dll+0x836c23]
V  [jvm.dll+0x2477ff]
V  [jvm.dll+0x8307bb]
V  [jvm.dll+0x621d16]
V  [jvm.dll+0x621d7a]
V  [jvm.dll+0x6245aa]
V  [jvm.dll+0x6226b6]
V  [jvm.dll+0x23bd4f]
V  [jvm.dll+0x62c565]
V  [jvm.dll+0x1eb80b]
V  [jvm.dll+0x1ebd45]
V  [jvm.dll+0x1ec800]
V  [jvm.dll+0x1e1c01]
V  [jvm.dll+0x5427ce]
V  [jvm.dll+0x1f2647]
V  [jvm.dll+0x7adf9b]
V  [jvm.dll+0x7af36c]
V  [jvm.dll+0x7af6b8]
V  [jvm.dll+0x23face]
V  [jvm.dll+0x23fd1f]
V  [jvm.dll+0x560aa8]
V  [jvm.dll+0x5639a7]
V  [jvm.dll+0x386672]
V  [jvm.dll+0x385cdf]
C  0x000001d9b7b890b9

The last pc belongs to invokestatic (printed below).
Java frames: (J=compiled Java code, j=interpreted, Vv=VM code)
j  sun.launcher.LauncherHelper.getLocalizedMessage(Ljava/lang/String;[Ljava/lang/Object;)Ljava/lang/String;+14 java.base@17.0.10
j  sun.launcher.LauncherHelper.abort(Ljava/lang/Throwable;Ljava/lang/String;[Ljava/lang/Object;)V+9 java.base@17.0.10
j  sun.launcher.LauncherHelper.validateMainClass(Ljava/lang/Class;)V+140 java.base@17.0.10
j  sun.launcher.LauncherHelper.checkAndLoadMain(ZILjava/lang/String;)Ljava/lang/Class;+78 java.base@17.0.10
v  ~StubRoutines::call_stub
invokestatic  184 invokestatic  [0x000001d9b7b89000, 0x000001d9b7b89160]  352 bytes
[MachCode]
  0x000001d9b7b89000: 4883 ec08 | c5fa 1104 | 24eb 1f48 | 83ec 10c5 | fb11 0424 | eb14 4883 | ec10 4889 | 0424 48c7 
  0x000001d9b7b89020: 4424 0800 | 0000 00eb | 0150 4c89 | 6dc0 410f | b755 0148 | 8b4d d0c1 | e202 8b5c | d120 c1eb 
  0x000001d9b7b89040: 1081 e3ff | 0000 0081 | fbb8 0000 | 000f 84b6 | 0000 00bb | b800 0000 | e805 0000 | 00e9 9b00 
  0x000001d9b7b89060: 0000 488b | d348 8d44 | 2408 4c89 | 6dc0 498b | cfc5 f877 | 4989 afa8 | 0200 0049 | 8987 9802 
  0x000001d9b7b89080: 0000 4883 | ec20 f7c4 | 0f00 0000 | 0f84 1a00 | 0000 4883 | ec08 49ba | 705c 2778 | ff7f 0000 
  0x000001d9b7b890a0: 41ff d248 | 83c4 08e9 | 0d00 0000 | 49ba 705c | 2778 ff7f | 0000 41ff | d248 83c4 | 2049 c787 
  0x000001d9b7b890c0: 9802 0000 | 0000 0000 | 49c7 87a8 | 0200 0000 | 0000 0049 | c787 a002 | 0000 0000 | 0000 c5f8 
  0x000001d9b7b890e0: 7749 817f | 0800 0000 | 000f 8405 | 0000 00e9 | 0c7e feff | 4c8b 6dc0 | 4c8b 75c8 | c341 0fb7 
  0x000001d9b7b89100: 5501 488b | 4dd0 c1e2 | 0248 8b5c | d128 488b | 5b08 488b | 5b08 488b | 5b18 80bb | 3301 0000 
  0x000001d9b7b89120: 040f 840d | 0000 004c | 3bbb 3801 | 0000 0f85 | 1fff ffff | 488b 5cd1 | 288b 54d1 | 38c1 ea1c 
  0x000001d9b7b89140: 49ba a060 | a978 ff7f | 0000 498b | 14d2 524c | 8d6c 2408 | 4c89 6df0 | ff63 500f | 1f44 0000 
[/MachCode]

---------------  P R O C E S S  ---------------

Threads class SMR info:
_java_thread_list=0x000001d9c41e5730, length=11, elements={
0x000001d9b3717420, 0x000001d9bfc24b40, 0x000001d9bfc26d00, 0x000001d9bfc52810,
0x000001d9bfc54060, 0x000001d9bfc56650, 0x000001d9bfc56b30, 0x000001d9bfc570c0,
0x000001d9bfc89510, 0x000001d9c41d8800, 0x000001d9c41eae10
}

Java Threads: ( => current thread )
=>0x000001d9b3717420 JavaThread "main" [_thread_in_vm, id=6824, stack(0x0000004e43a00000,0x0000004e43b00000)]
  0x000001d9bfc24b40 JavaThread "Reference Handler" daemon [_thread_blocked, id=11620, stack(0x0000004e44100000,0x0000004e44200000)]
  0x000001d9bfc26d00 JavaThread "Finalizer" daemon [_thread_blocked, id=10204, stack(0x0000004e44200000,0x0000004e44300000)]
  0x000001d9bfc52810 JavaThread "Signal Dispatcher" daemon [_thread_blocked, id=8064, stack(0x0000004e44300000,0x0000004e44400000)]
  0x000001d9bfc54060 JavaThread "Attach Listener" daemon [_thread_blocked, id=3672, stack(0x0000004e44400000,0x0000004e44500000)]
  0x000001d9bfc56650 JavaThread "Service Thread" daemon [_thread_blocked, id=6852, stack(0x0000004e44500000,0x0000004e44600000)]
  0x000001d9bfc56b30 JavaThread "Monitor Deflation Thread" daemon [_thread_blocked, id=17384, stack(0x0000004e44600000,0x0000004e44700000)]
  0x000001d9bfc570c0 JavaThread "C1 CompilerThread0" daemon [_thread_blocked, id=10500, stack(0x0000004e44700000,0x0000004e44800000)]
  0x000001d9bfc89510 JavaThread "Sweeper thread" daemon [_thread_blocked, id=6808, stack(0x0000004e44800000,0x0000004e44900000)]
  0x000001d9c41d8800 JavaThread "Notification Thread" daemon [_thread_blocked, id=820, stack(0x0000004e44900000,0x0000004e44a00000)]
  0x000001d9c41eae10 JavaThread "Common-Cleaner" daemon [_thread_blocked, id=18304, stack(0x0000004e44b00000,0x0000004e44c00000)]

Other Threads:
  0x000001d9bfbd2740 VMThread "VM Thread" [stack: 0x0000004e44000000,0x0000004e44100000] [id=16872]
  0x000001d9c41dacf0 WatcherThread [stack: 0x0000004e44a00000,0x0000004e44b00000] [id=15908]
  0x000001d9b3753030 GCTaskThread "GC Thread#0" [stack: 0x0000004e43b00000,0x0000004e43c00000] [id=12020]
  0x000001d9b375be90 ConcurrentGCThread "G1 Main Marker" [stack: 0x0000004e43c00000,0x0000004e43d00000] [id=11168]
  0x000001d9b375c7c0 ConcurrentGCThread "G1 Conc#0" [stack: 0x0000004e43d00000,0x0000004e43e00000] [id=5340]
  0x000001d9b37a95b0 ConcurrentGCThread "G1 Refine#0" [stack: 0x0000004e43e00000,0x0000004e43f00000] [id=14608]
  0x000001d9b37a9ef0 ConcurrentGCThread "G1 Service" [stack: 0x0000004e43f00000,0x0000004e44000000] [id=19608]

Threads with active compile tasks:

VM state: not at safepoint (normal execution)

VM Mutex/Monitor currently owned by a thread:  ([mutex/lock_event])
[0x000001d9b3711ee0] Metaspace_lock - owner thread: 0x000001d9b3717420

OutOfMemory and StackOverflow Exception counts:
OutOfMemoryError java_heap_errors=1

Heap address: 0x00000000c0000000, size: 1024 MB, Compressed Oops mode: 32-bit

CDS archive(s) not mapped
Compressed class space mapped at: 0x0000000100000000-0x0000000140000000, reserved size: 1073741824
Narrow klass base: 0x0000000000000000, Narrow klass shift: 3, Narrow klass range: 0x140000000

GC Precious Log:
 CPUs: 4 total, 4 available
 Memory: 3984M
 Large Page Support: Disabled
 NUMA Support: Disabled
 Compressed Oops: Enabled (32-bit)
 Heap Region Size: 1M
 Heap Min Capacity: 8M
 Heap Initial Capacity: 64M
 Heap Max Capacity: 1G
 Pre-touch: Disabled
 Parallel Workers: 4
 Concurrent Workers: 1
 Concurrent Refinement Workers: 4
 Periodic GC: Disabled

Heap:
 garbage-first heap   total 65536K, used 14336K [0x00000000c0000000, 0x0000000100000000)
  region size 1024K, 12 young (12288K), 0 survivors (0K)
 Metaspace       used 5274K, committed 5312K, reserved 1114112K
  class space    used 499K, committed 512K, reserved 1048576K

Heap Regions: E=young(eden), S=young(survivor), O=old, HS=humongous(starts), HC=humongous(continues), CS=collection set, F=free, OA=open archive, CA=closed archive, TAMS=top-at-mark-start (previous, next)
|   0|0x00000000c0000000, 0x00000000c0100000, 0x00000000c0100000|100%|HS|  |TAMS 0x00000000c0000000, 0x00000000c0000000| Complete 
|   1|0x00000000c0100000, 0x00000000c0200000, 0x00000000c0200000|100%|HC|  |TAMS 0x00000000c0100000, 0x00000000c0100000| Complete 
|   2|0x00000000c0200000, 0x00000000c0300000, 0x00000000c0300000|100%|HC|  |TAMS 0x00000000c0200000, 0x00000000c0200000| Complete 
|   3|0x00000000c0300000, 0x00000000c0400000, 0x00000000c0400000|100%|HC|  |TAMS 0x00000000c0300000, 0x00000000c0300000| Complete 
|   4|0x00000000c0400000, 0x00000000c0400000, 0x00000000c0500000|  0%| F|  |TAMS 0x00000000c0400000, 0x00000000c0400000| Untracked 
|   5|0x00000000c0500000, 0x00000000c0500000, 0x00000000c0600000|  0%| F|  |TAMS 0x00000000c0500000, 0x00000000c0500000| Untracked 
|   6|0x00000000c0600000, 0x00000000c0600000, 0x00000000c0700000|  0%| F|  |TAMS 0x00000000c0600000, 0x00000000c0600000| Untracked 
|   7|0x00000000c0700000, 0x00000000c0700000, 0x00000000c0800000|  0%| F|  |TAMS 0x00000000c0700000, 0x00000000c0700000| Untracked 
|   8|0x00000000c0800000, 0x00000000c0800000, 0x00000000c0900000|  0%| F|  |TAMS 0x00000000c0800000, 0x00000000c0800000| Untracked 
|   9|0x00000000c0900000, 0x00000000c0900000, 0x00000000c0a00000|  0%| F|  |TAMS 0x00000000c0900000, 0x00000000c0900000| Untracked 
|  10|0x00000000c0a00000, 0x00000000c0a00000, 0x00000000c0b00000|  0%| F|  |TAMS 0x00000000c0a00000, 0x00000000c0a00000| Untracked 
|  11|0x00000000c0b00000, 0x00000000c0b00000, 0x00000000c0c00000|  0%| F|  |TAMS 0x00000000c0b00000, 0x00000000c0b00000| Untracked 
|  12|0x00000000c0c00000, 0x00000000c0c00000, 0x00000000c0d00000|  0%| F|  |TAMS 0x00000000c0c00000, 0x00000000c0c00000| Untracked 
|  13|0x00000000c0d00000, 0x00000000c0d00000, 0x00000000c0e00000|  0%| F|  |TAMS 0x00000000c0d00000, 0x00000000c0d00000| Untracked 
|  14|0x00000000c0e00000, 0x00000000c0e00000, 0x00000000c0f00000|  0%| F|  |TAMS 0x00000000c0e00000, 0x00000000c0e00000| Untracked 
|  15|0x00000000c0f00000, 0x00000000c0f00000, 0x00000000c1000000|  0%| F|  |TAMS 0x00000000c0f00000, 0x00000000c0f00000| Untracked 
|  16|0x00000000c1000000, 0x00000000c1000000, 0x00000000c1100000|  0%| F|  |TAMS 0x00000000c1000000, 0x00000000c1000000| Untracked 
|  17|0x00000000c1100000, 0x00000000c1100000, 0x00000000c1200000|  0%| F|  |TAMS 0x00000000c1100000, 0x00000000c1100000| Untracked 
|  18|0x00000000c1200000, 0x00000000c1200000, 0x00000000c1300000|  0%| F|  |TAMS 0x00000000c1200000, 0x00000000c1200000| Untracked 
|  19|0x00000000c1300000, 0x00000000c1300000, 0x00000000c1400000|  0%| F|  |TAMS 0x00000000c1300000, 0x00000000c1300000| Untracked 
|  20|0x00000000c1400000, 0x00000000c1400000, 0x00000000c1500000|  0%| F|  |TAMS 0x00000000c1400000, 0x00000000c1400000| Untracked 
|  21|0x00000000c1500000, 0x00000000c1500000, 0x00000000c1600000|  0%| F|  |TAMS 0x00000000c1500000, 0x00000000c1500000| Untracked 
|  22|0x00000000c1600000, 0x00000000c1600000, 0x00000000c1700000|  0%| F|  |TAMS 0x00000000c1600000, 0x00000000c1600000| Untracked 
|  23|0x00000000c1700000, 0x00000000c1700000, 0x00000000c1800000|  0%| F|  |TAMS 0x00000000c1700000, 0x00000000c1700000| Untracked 
|  24|0x00000000c1800000, 0x00000000c1800000, 0x00000000c1900000|  0%| F|  |TAMS 0x00000000c1800000, 0x00000000c1800000| Untracked 
|  25|0x00000000c1900000, 0x00000000c1900000, 0x00000000c1a00000|  0%| F|  |TAMS 0x00000000c1900000, 0x00000000c1900000| Untracked 
|  26|0x00000000c1a00000, 0x00000000c1a00000, 0x00000000c1b00000|  0%| F|  |TAMS 0x00000000c1a00000, 0x00000000c1a00000| Untracked 
|  27|0x00000000c1b00000, 0x00000000c1b00000, 0x00000000c1c00000|  0%| F|  |TAMS 0x00000000c1b00000, 0x00000000c1b00000| Untracked 
|  28|0x00000000c1c00000, 0x00000000c1c00000, 0x00000000c1d00000|  0%| F|  |TAMS 0x00000000c1c00000, 0x00000000c1c00000| Untracked 
|  29|0x00000000c1d00000, 0x00000000c1d00000, 0x00000000c1e00000|  0%| F|  |TAMS 0x00000000c1d00000, 0x00000000c1d00000| Untracked 
|  30|0x00000000c1e00000, 0x00000000c1e00000, 0x00000000c1f00000|  0%| F|  |TAMS 0x00000000c1e00000, 0x00000000c1e00000| Untracked 
|  31|0x00000000c1f00000, 0x00000000c1f00000, 0x00000000c2000000|  0%| F|  |TAMS 0x00000000c1f00000, 0x00000000c1f00000| Untracked 
|  32|0x00000000c2000000, 0x00000000c2000000, 0x00000000c2100000|  0%| F|  |TAMS 0x00000000c2000000, 0x00000000c2000000| Untracked 
|  33|0x00000000c2100000, 0x00000000c2100000, 0x00000000c2200000|  0%| F|  |TAMS 0x00000000c2100000, 0x00000000c2100000| Untracked 
|  34|0x00000000c2200000, 0x00000000c2200000, 0x00000000c2300000|  0%| F|  |TAMS 0x00000000c2200000, 0x00000000c2200000| Untracked 
|  35|0x00000000c2300000, 0x00000000c2300000, 0x00000000c2400000|  0%| F|  |TAMS 0x00000000c2300000, 0x00000000c2300000| Untracked 
|  36|0x00000000c2400000, 0x00000000c2400000, 0x00000000c2500000|  0%| F|  |TAMS 0x00000000c2400000, 0x00000000c2400000| Untracked 
|  37|0x00000000c2500000, 0x00000000c2500000, 0x00000000c2600000|  0%| F|  |TAMS 0x00000000c2500000, 0x00000000c2500000| Untracked 
|  38|0x00000000c2600000, 0x00000000c2600000, 0x00000000c2700000|  0%| F|  |TAMS 0x00000000c2600000, 0x00000000c2600000| Untracked 
|  39|0x00000000c2700000, 0x00000000c2700000, 0x00000000c2800000|  0%| F|  |TAMS 0x00000000c2700000, 0x00000000c2700000| Untracked 
|  40|0x00000000c2800000, 0x00000000c2800000, 0x00000000c2900000|  0%| F|  |TAMS 0x00000000c2800000, 0x00000000c2800000| Untracked 
|  41|0x00000000c2900000, 0x00000000c2900000, 0x00000000c2a00000|  0%| F|  |TAMS 0x00000000c2900000, 0x00000000c2900000| Untracked 
|  42|0x00000000c2a00000, 0x00000000c2a00000, 0x00000000c2b00000|  0%| F|  |TAMS 0x00000000c2a00000, 0x00000000c2a00000| Untracked 
|  43|0x00000000c2b00000, 0x00000000c2b00000, 0x00000000c2c00000|  0%| F|  |TAMS 0x00000000c2b00000, 0x00000000c2b00000| Untracked 
|  44|0x00000000c2c00000, 0x00000000c2c00000, 0x00000000c2d00000|  0%| F|  |TAMS 0x00000000c2c00000, 0x00000000c2c00000| Untracked 
|  45|0x00000000c2d00000, 0x00000000c2d00000, 0x00000000c2e00000|  0%| F|  |TAMS 0x00000000c2d00000, 0x00000000c2d00000| Untracked 
|  46|0x00000000c2e00000, 0x00000000c2e00000, 0x00000000c2f00000|  0%| F|  |TAMS 0x00000000c2e00000, 0x00000000c2e00000| Untracked 
|  47|0x00000000c2f00000, 0x00000000c2f00000, 0x00000000c3000000|  0%| F|  |TAMS 0x00000000c2f00000, 0x00000000c2f00000| Untracked 
|  48|0x00000000c3000000, 0x00000000c3000000, 0x00000000c3100000|  0%| F|  |TAMS 0x00000000c3000000, 0x00000000c3000000| Untracked 
|  49|0x00000000c3100000, 0x00000000c3100000, 0x00000000c3200000|  0%| F|  |TAMS 0x00000000c3100000, 0x00000000c3100000| Untracked 
|  50|0x00000000c3200000, 0x00000000c3200000, 0x00000000c3300000|  0%| F|  |TAMS 0x00000000c3200000, 0x00000000c3200000| Untracked 
|  51|0x00000000c3300000, 0x00000000c3300000, 0x00000000c3400000|  0%| F|  |TAMS 0x00000000c3300000, 0x00000000c3300000| Untracked 
|  52|0x00000000c3400000, 0x00000000c34431b8, 0x00000000c3500000| 26%| E|  |TAMS 0x00000000c3400000, 0x00000000c3400000| Complete 
|  53|0x00000000c3500000, 0x00000000c3600000, 0x00000000c3600000|100%| E|CS|TAMS 0x00000000c3500000, 0x00000000c3500000| Complete 
|  54|0x00000000c3600000, 0x00000000c3700000, 0x00000000c3700000|100%| E|CS|TAMS 0x00000000c3600000, 0x00000000c3600000| Complete 
|  55|0x00000000c3700000, 0x00000000c3800000, 0x00000000c3800000|100%| E|CS|TAMS 0x00000000c3700000, 0x00000000c3700000| Complete 
|  56|0x00000000c3800000, 0x00000000c3900000, 0x00000000c3900000|100%| E|CS|TAMS 0x00000000c3800000, 0x00000000c3800000| Complete 
|  57|0x00000000c3900000, 0x00000000c3a00000, 0x00000000c3a00000|100%| E|CS|TAMS 0x00000000c3900000, 0x00000000c3900000| Complete 
|  58|0x00000000c3a00000, 0x00000000c3b00000, 0x00000000c3b00000|100%| E|CS|TAMS 0x00000000c3a00000, 0x00000000c3a00000| Complete 
|  59|0x00000000c3b00000, 0x00000000c3c00000, 0x00000000c3c00000|100%| E|CS|TAMS 0x00000000c3b00000, 0x00000000c3b00000| Complete 
|  60|0x00000000c3c00000, 0x00000000c3d00000, 0x00000000c3d00000|100%| E|  |TAMS 0x00000000c3c00000, 0x00000000c3c00000| Complete 
|  61|0x00000000c3d00000, 0x00000000c3e00000, 0x00000000c3e00000|100%| E|CS|TAMS 0x00000000c3d00000, 0x00000000c3d00000| Complete 
|  62|0x00000000c3e00000, 0x00000000c3f00000, 0x00000000c3f00000|100%| E|CS|TAMS 0x00000000c3e00000, 0x00000000c3e00000| Complete 
|  63|0x00000000c3f00000, 0x00000000c4000000, 0x00000000c4000000|100%| E|CS|TAMS 0x00000000c3f00000, 0x00000000c3f00000| Complete 

Card table byte_map: [0x000001d9bb220000,0x000001d9bb420000] _byte_map_base: 0x000001d9bac20000

Marking Bits (Prev, Next): (CMBitMap*) 0x000001d9b3753560, (CMBitMap*) 0x000001d9b37535a0
 Prev Bits: [0x000001d9bb620000, 0x000001d9bc620000)
 Next Bits: [0x000001d9bc620000, 0x000001d9bd620000)

Polling page: 0x000001d9b37c0000

Metaspace:

Usage:
  Non-class:      4.66 MB used.
      Class:    499.19 KB used.
       Both:      5.15 MB used.

Virtual space:
  Non-class space:       64.00 MB reserved,       4.69 MB (  7%) committed,  1 nodes.
      Class space:        1.00 GB reserved,     512.00 KB ( <1%) committed,  1 nodes.
             Both:        1.06 GB reserved,       5.19 MB ( <1%) committed. 

Chunk freelists:
   Non-Class:  10.96 MB
       Class:  15.50 MB
        Both:  26.46 MB

MaxMetaspaceSize: unlimited
CompressedClassSpaceSize: 1.00 GB
Initial GC threshold: 21.00 MB
Current GC threshold: 21.00 MB
CDS: off
MetaspaceReclaimPolicy: balanced
 - commit_granule_bytes: 65536.
 - commit_granule_words: 8192.
 - virtual_space_node_default_size: 8388608.
 - enlarge_chunks_in_place: 1.
 - new_chunks_are_fully_committed: 0.
 - uncommit_free_chunks: 1.
 - use_allocation_guard: 0.
 - handle_deallocations: 1.


Internal statistics:

num_allocs_failed_limit: 0.
num_arena_births: 4.
num_arena_deaths: 0.
num_vsnodes_births: 2.
num_vsnodes_deaths: 0.
num_space_committed: 83.
num_space_uncommitted: 0.
num_chunks_returned_to_freelist: 0.
num_chunks_taken_from_freelist: 16.
num_chunk_merges: 0.
num_chunk_splits: 6.
num_chunks_enlarged: 4.
num_inconsistent_stats: 0.

CodeCache: size=49152Kb used=1595Kb max_used=1595Kb free=47556Kb
 bounds [0x000001d9b7b70000, 0x000001d9b7de0000, 0x000001d9bab70000]
 total_blobs=722 nmethods=368 adapters=282
 compilation: enabled
              stopped_count=0, restarted_count=0
 full_count=0

Compilation events (20 events):
Event: 2.170 Thread 0x000001d9bfc570c0  342       1       java.lang.StringBuilder::<init> (6 bytes)
Event: 2.170 Thread 0x000001d9bfc570c0 nmethod 342 0x000001d9b7ceff10 code [0x000001d9b7cf00a0, 0x000001d9b7cf0188]
Event: 2.223 Thread 0x000001d9bfc570c0  344       1       java.lang.Class::getClassLoader0 (5 bytes)
Event: 2.223 Thread 0x000001d9bfc570c0 nmethod 344 0x000001d9b7cf4a90 code [0x000001d9b7cf4c20, 0x000001d9b7cf4cf8]
Event: 2.224 Thread 0x000001d9bfc570c0  346       1       java.lang.module.ModuleDescriptor::isOpen (5 bytes)
Event: 2.224 Thread 0x000001d9bfc570c0 nmethod 346 0x000001d9b7cf4d90 code [0x000001d9b7cf4f20, 0x000001d9b7cf4ff8]
Event: 2.229 Thread 0x000001d9bfc570c0  349       1       java.lang.Enum::ordinal (5 bytes)
Event: 2.229 Thread 0x000001d9bfc570c0 nmethod 349 0x000001d9b7cf5990 code [0x000001d9b7cf5b20, 0x000001d9b7cf5bf8]
Event: 2.243 Thread 0x000001d9bfc570c0  350       1       java.lang.String::replace (42 bytes)
Event: 2.243 Thread 0x000001d9bfc570c0 nmethod 350 0x000001d9b7cf8f90 code [0x000001d9b7cf9140, 0x000001d9b7cf92b8]
Event: 2.247 Thread 0x000001d9bfc570c0  352       1       java.util.concurrent.ConcurrentHashMap::get (162 bytes)
Event: 2.248 Thread 0x000001d9bfc570c0 nmethod 352 0x000001d9b7cfaf90 code [0x000001d9b7cfb180, 0x000001d9b7cfb618]
Event: 2.270 Thread 0x000001d9bfc570c0  360       1       java.lang.invoke.MethodType::returnType (5 bytes)
Event: 2.270 Thread 0x000001d9bfc570c0 nmethod 360 0x000001d9b7cfca90 code [0x000001d9b7cfcc20, 0x000001d9b7cfccf8]
Event: 2.272 Thread 0x000001d9bfc570c0  362       1       java.lang.invoke.MemberName::testFlags (16 bytes)
Event: 2.272 Thread 0x000001d9bfc570c0 nmethod 362 0x000001d9b7cfd390 code [0x000001d9b7cfd520, 0x000001d9b7cfd5f8]
Event: 2.273 Thread 0x000001d9bfc570c0  367       1       java.lang.invoke.MethodTypeForm::canonicalize (74 bytes)
Event: 2.274 Thread 0x000001d9bfc570c0 nmethod 367 0x000001d9b7cfdf90 code [0x000001d9b7cfe180, 0x000001d9b7cfe498]
Event: 2.287 Thread 0x000001d9bfc570c0  368       1       java.util.Optional::orElse (16 bytes)
Event: 2.288 Thread 0x000001d9bfc570c0 nmethod 368 0x000001d9b7cfec90 code [0x000001d9b7cfee20, 0x000001d9b7cfeef8]

GC Heap History (0 events):
No events

Dll operation events (5 events):
Event: 0.023 Loaded shared library c:\Users\USER\.vscode\extensions\redhat.java-1.28.1-win32-x64\jre\17.0.10-win32-x86_64\bin\java.dll
Event: 1.383 Loaded shared library C:\Users\USER\.vscode\extensions\redhat.java-1.28.1-win32-x64\jre\17.0.10-win32-x86_64\bin\net.dll
Event: 1.390 Loaded shared library C:\Users\USER\.vscode\extensions\redhat.java-1.28.1-win32-x64\jre\17.0.10-win32-x86_64\bin\nio.dll
Event: 1.410 Loaded shared library C:\Users\USER\.vscode\extensions\redhat.java-1.28.1-win32-x64\jre\17.0.10-win32-x86_64\bin\zip.dll
Event: 2.280 Loaded shared library C:\Users\USER\.vscode\extensions\redhat.java-1.28.1-win32-x64\jre\17.0.10-win32-x86_64\bin\jimage.dll

Deoptimization events (0 events):
No events

Classes unloaded (0 events):
No events

Classes redefined (0 events):
No events

Internal exceptions (2 events):
Event: 2.196 Thread 0x000001d9b3717420 Exception <a 'java/lang/OutOfMemoryError'{0x00000000c35f0580}> (0x00000000c35f0580) 
thrown [s\src\hotspot\share\prims\jni.cpp, line 535]
Event: 2.254 Thread 0x000001d9b3717420 Exception <a 'java/lang/ClassNotFoundException'{0x00000000c3405d50}: sun/launcher/resources/spi/launcherProvider> (0x00000000c3405d50) 
thrown [s\src\hotspot\share\classfile\systemDictionary.cpp, line 256]

VM Operations (4 events):
Event: 1.232 Executing VM operation: Cleanup
Event: 1.232 Executing VM operation: Cleanup done
Event: 1.417 Executing VM operation: HandshakeAllThreads
Event: 1.417 Executing VM operation: HandshakeAllThreads done

Events (20 events):
Event: 2.282 loading class java/nio/IntBuffer
Event: 2.283 loading class java/nio/IntBuffer done
Event: 2.283 loading class java/nio/DirectIntBufferU done
Event: 2.283 loading class java/nio/DirectByteBufferR
Event: 2.283 loading class java/nio/DirectByteBufferR done
Event: 2.284 loading class java/nio/DirectIntBufferRU
Event: 2.284 loading class java/nio/DirectIntBufferRU done
Event: 2.284 loading class jdk/internal/jimage/ImageStringsReader
Event: 2.285 loading class jdk/internal/jimage/ImageStrings
Event: 2.285 loading class jdk/internal/jimage/ImageStrings done
Event: 2.285 loading class jdk/internal/jimage/ImageStringsReader done
Event: 2.285 loading class jdk/internal/jimage/decompressor/Decompressor
Event: 2.285 loading class jdk/internal/jimage/decompressor/Decompressor done
Event: 2.285 loading class jdk/internal/jimage/ImageLocation
Event: 2.285 loading class jdk/internal/jimage/ImageLocation done
Event: 2.288 loading class sun/launcher/resources/launcher_en_US
Event: 2.288 loading class sun/launcher/resources/launcher_en_US done
Event: 2.288 loading class sun/launcher/resources/launcher_en_US
Event: 2.288 loading class sun/launcher/resources/launcher_en_US done
Event: 2.288 loading class java/text/MessageFormat


Dynamic libraries:
0x00007ff63ce50000 - 0x00007ff63ce5e000 	c:\Users\USER\.vscode\extensions\redhat.java-1.28.1-win32-x64\jre\17.0.10-win32-x86_64\bin\java.exe
0x00007fffd2610000 - 0x00007fffd2808000 	C:\WINDOWS\SYSTEM32\ntdll.dll
0x00007fffc3440000 - 0x00007fffc3459000 	C:\Program Files\AVG\Antivirus\aswhook.dll
0x00007fffd0ce0000 - 0x00007fffd0d9d000 	C:\WINDOWS\System32\KERNEL32.DLL
0x00007fffcfe70000 - 0x00007fffd0166000 	C:\WINDOWS\System32\KERNELBASE.dll
0x00007fffcfcd0000 - 0x00007fffcfdd0000 	C:\WINDOWS\System32\ucrtbase.dll
0x00007fffc83b0000 - 0x00007fffc83c7000 	c:\Users\USER\.vscode\extensions\redhat.java-1.28.1-win32-x64\jre\17.0.10-win32-x86_64\bin\jli.dll
0x00007fffd0e00000 - 0x00007fffd0f9e000 	C:\WINDOWS\System32\USER32.dll
0x00007fffd0320000 - 0x00007fffd0342000 	C:\WINDOWS\System32\win32u.dll
0x00007fffd21d0000 - 0x00007fffd21fb000 	C:\WINDOWS\System32\GDI32.dll
0x00007fffd0380000 - 0x00007fffd0497000 	C:\WINDOWS\System32\gdi32full.dll
0x00007fffcfdd0000 - 0x00007fffcfe6d000 	C:\WINDOWS\System32\msvcp_win.dll
0x00007fffc2fe0000 - 0x00007fffc2ffb000 	c:\Users\USER\.vscode\extensions\redhat.java-1.28.1-win32-x64\jre\17.0.10-win32-x86_64\bin\VCRUNTIME140.dll
0x00007fffbc300000 - 0x00007fffbc59a000 	C:\WINDOWS\WinSxS\amd64_microsoft.windows.common-controls_6595b64144ccf1df_6.0.19041.3636_none_60b6a03d71f818d5\COMCTL32.dll
0x00007fffd2130000 - 0x00007fffd21ce000 	C:\WINDOWS\System32\msvcrt.dll
0x00007fffd1e30000 - 0x00007fffd1e62000 	C:\WINDOWS\System32\IMM32.DLL
0x00007fffcb790000 - 0x00007fffcb79c000 	c:\Users\USER\.vscode\extensions\redhat.java-1.28.1-win32-x64\jre\17.0.10-win32-x86_64\bin\vcruntime140_1.dll
0x00007fffa1170000 - 0x00007fffa11fd000 	c:\Users\USER\.vscode\extensions\redhat.java-1.28.1-win32-x64\jre\17.0.10-win32-x86_64\bin\msvcp140.dll
0x00007fff77ef0000 - 0x00007fff78b52000 	c:\Users\USER\.vscode\extensions\redhat.java-1.28.1-win32-x64\jre\17.0.10-win32-x86_64\bin\server\jvm.dll
0x00007fffd1f40000 - 0x00007fffd1ff3000 	C:\WINDOWS\System32\ADVAPI32.dll
0x00007fffd2200000 - 0x00007fffd229f000 	C:\WINDOWS\System32\sechost.dll
0x00007fffd0830000 - 0x00007fffd0956000 	C:\WINDOWS\System32\RPCRT4.dll
0x00007fffd0350000 - 0x00007fffd0377000 	C:\WINDOWS\System32\bcrypt.dll
0x00007fffcfb30000 - 0x00007fffcfb7b000 	C:\WINDOWS\SYSTEM32\POWRPROF.dll
0x00007fffce3f0000 - 0x00007fffce3f9000 	C:\WINDOWS\SYSTEM32\WSOCK32.dll
0x00007fffd1e70000 - 0x00007fffd1edb000 	C:\WINDOWS\System32\WS2_32.dll
0x00007fffbfae0000 - 0x00007fffbfb07000 	C:\WINDOWS\SYSTEM32\WINMM.dll
0x00007fffc80c0000 - 0x00007fffc80ca000 	C:\WINDOWS\SYSTEM32\VERSION.dll
0x00007fffcfb10000 - 0x00007fffcfb22000 	C:\WINDOWS\SYSTEM32\UMPDC.dll
0x00007fffce510000 - 0x00007fffce522000 	C:\WINDOWS\SYSTEM32\kernel.appcore.dll
0x00007fffca4c0000 - 0x00007fffca4ca000 	c:\Users\USER\.vscode\extensions\redhat.java-1.28.1-win32-x64\jre\17.0.10-win32-x86_64\bin\jimage.dll
0x00007fffcda40000 - 0x00007fffcdc24000 	C:\WINDOWS\SYSTEM32\DBGHELP.DLL
0x00007fffc3480000 - 0x00007fffc34b4000 	C:\WINDOWS\SYSTEM32\dbgcore.DLL
0x00007fffd0170000 - 0x00007fffd01f2000 	C:\WINDOWS\System32\bcryptPrimitives.dll
0x00007fffb2eb0000 - 0x00007fffb2ed5000 	c:\Users\USER\.vscode\extensions\redhat.java-1.28.1-win32-x64\jre\17.0.10-win32-x86_64\bin\java.dll
0x00007fffb3a80000 - 0x00007fffb3a98000 	c:\Users\USER\.vscode\extensions\redhat.java-1.28.1-win32-x64\jre\17.0.10-win32-x86_64\bin\zip.dll
0x00007fffd10c0000 - 0x00007fffd1805000 	C:\WINDOWS\System32\SHELL32.dll
0x00007fffcdc50000 - 0x00007fffce3ec000 	C:\WINDOWS\SYSTEM32\windows.storage.dll
0x00007fffd0960000 - 0x00007fffd0cb4000 	C:\WINDOWS\System32\combase.dll
0x00007fffcf630000 - 0x00007fffcf65e000 	C:\WINDOWS\SYSTEM32\Wldp.dll
0x00007fffd2000000 - 0x00007fffd20cd000 	C:\WINDOWS\System32\OLEAUT32.dll
0x00007fffd0780000 - 0x00007fffd082d000 	C:\WINDOWS\System32\SHCORE.dll
0x00007fffd0da0000 - 0x00007fffd0df5000 	C:\WINDOWS\System32\shlwapi.dll
0x00007fffcfc00000 - 0x00007fffcfc25000 	C:\WINDOWS\SYSTEM32\profapi.dll
0x00007fffaa0c0000 - 0x00007fffaa0d9000 	C:\Users\USER\.vscode\extensions\redhat.java-1.28.1-win32-x64\jre\17.0.10-win32-x86_64\bin\net.dll
0x00007fffc3030000 - 0x00007fffc313a000 	C:\WINDOWS\SYSTEM32\WINHTTP.dll
0x00007fffcf390000 - 0x00007fffcf3fa000 	C:\WINDOWS\system32\mswsock.dll
0x00007fffa83c0000 - 0x00007fffa83d6000 	C:\Users\USER\.vscode\extensions\redhat.java-1.28.1-win32-x64\jre\17.0.10-win32-x86_64\bin\nio.dll

dbghelp: loaded successfully - version: 4.0.5 - missing functions: none
symbol engine: initialized successfully - sym options: 0x614 - pdb path: .;c:\Users\USER\.vscode\extensions\redhat.java-1.28.1-win32-x64\jre\17.0.10-win32-x86_64\bin;C:\WINDOWS\SYSTEM32;C:\Program Files\AVG\Antivirus;C:\WINDOWS\WinSxS\amd64_microsoft.windows.common-controls_6595b64144ccf1df_6.0.19041.3636_none_60b6a03d71f818d5;c:\Users\USER\.vscode\extensions\redhat.java-1.28.1-win32-x64\jre\17.0.10-win32-x86_64\bin\server

VM Arguments:
jvm_args: -XX:+HeapDumpOnOutOfMemoryError -Xmx1024m -Dsts.lsp.client=vscode -Dsts.log.file=/dev/null -XX:TieredStopAtLevel=1 -Xlog:jni+resolve=off -Dspring.config.location=file:c:\Users\USER\.vscode\extensions\vmware.vscode-spring-boot-1.52.0\language-server\BOOT-INF\classes\application.properties 
java_command: org.springframework.ide.vscode.boot.app.BootLanguageServerBootApp
java_class_path (initial): c:\Users\USER\.vscode\extensions\vmware.vscode-spring-boot-1.52.0\language-server\BOOT-INF\classes;c:\Users\USER\.vscode\extensions\vmware.vscode-spring-boot-1.52.0\language-server\BOOT-INF\lib\annotations-24.1.0.jar;c:\Users\USER\.vscode\extensions\vmware.vscode-spring-boot-1.52.0\language-server\BOOT-INF\lib\antlr4-runtime-4.11.1.jar;c:\Users\USER\.vscode\extensions\vmware.vscode-spring-boot-1.52.0\language-server\BOOT-INF\lib\asm-9.6.jar;c:\Users\USER\.vscode\extensions\vmware.vscode-spring-boot-1.52.0\language-server\BOOT-INF\lib\asm-analysis-9.6.jar;c:\Users\USER\.vscode\extensions\vmware.vscode-spring-boot-1.52.0\language-server\BOOT-INF\lib\asm-tree-9.6.jar;c:\Users\USER\.vscode\extensions\vmware.vscode-spring-boot-1.52.0\language-server\BOOT-INF\lib\asm-util-9.6.jar;c:\Users\USER\.vscode\extensions\vmware.vscode-spring-boot-1.52.0\language-server\BOOT-INF\lib\caffeine-3.1.8.jar;c:\Users\USER\.vscode\extensions\vmware.vscode-spring-boot-1.52.0\language-server\BOOT-INF\lib\checker-qual-3.12.0.jar;c:\Users\USER\.vscode\extensions\vmware.vscode-spring-boot-1.52.0\language-server\BOOT-INF\lib\classgraph-4.8.149.jar;c:\Users\USER\.vscode\extensions\vmware.vscode-spring-boot-1.52.0\language-server\BOOT-INF\lib\commons-codec-1.16.0.jar;c:\Users\USER\.vscode\extensions\vmware.vscode-spring-boot-1.52.0\language-server\BOOT-INF\lib\commons-compress-1.25.0.jar;c:\Users\USER\.vscode\extensions\vmware.vscode-spring-boot-1.52.0\language-server\BOOT-INF\lib\commons-io-2.4.jar;c:\Users\USER\.vscode\extensions\vmware.vscode-spring-boot-1.52.0\language-server\BOOT-INF\lib\commons-java-1.52.0-SNAPSHOT.jar;c:\Users\USER\.vscode\extensions\vmware.vscode-spring-boot-1.52.0\language-server\BOOT-INF\lib\commons-lang3-3.13.0.jar;c:\Users\USER\.vscode\extensions\vmware.vscode-spring-boot-1.52.0\language-server\BOOT-INF\lib\commons-language-server-1.52.0-SNAPSHOT.jar;c:\Users\USER\.vscode\extensions\vmware.vscode-spring-boot-1.52.0\language-server\BOOT-INF\
Launcher Type: SUN_STANDARD

[Global flags]
     intx CICompilerCount                          = 3                                         {product} {ergonomic}
     uint ConcGCThreads                            = 1                                         {product} {ergonomic}
     uint G1ConcRefinementThreads                  = 4                                         {product} {ergonomic}
   size_t G1HeapRegionSize                         = 1048576                                   {product} {ergonomic}
    uintx GCDrainStackTargetSize                   = 64                                        {product} {ergonomic}
     bool HeapDumpOnOutOfMemoryError               = true                                   {manageable} {command line}
   size_t InitialHeapSize                          = 67108864                                  {product} {ergonomic}
   size_t MarkStackSize                            = 4194304                                   {product} {ergonomic}
   size_t MaxHeapSize                              = 1073741824                                {product} {command line}
   size_t MaxNewSize                               = 643825664                                 {product} {ergonomic}
   size_t MinHeapDeltaBytes                        = 1048576                                   {product} {ergonomic}
   size_t MinHeapSize                              = 8388608                                   {product} {ergonomic}
    uintx NonProfiledCodeHeapSize                  = 0                                      {pd product} {ergonomic}
     bool ProfileInterpreter                       = false                                  {pd product} {command line}
    uintx ProfiledCodeHeapSize                     = 0                                      {pd product} {ergonomic}
   size_t SoftMaxHeapSize                          = 1073741824                             {manageable} {ergonomic}
     intx TieredStopAtLevel                        = 1                                         {product} {command line}
     bool UseCompressedClassPointers               = true                           {product lp64_product} {ergonomic}
     bool UseCompressedOops                        = true                           {product lp64_product} {ergonomic}
     bool UseG1GC                                  = true                                      {product} {ergonomic}
     bool UseLargePagesIndividualAllocation        = false                                  {pd product} {ergonomic}

Logging:
Log output configuration:
 #0: stdout all=warning,jni+resolve=off uptime,level,tags
 #1: stderr all=off uptime,level,tags

Environment Variables:
JAVA_HOME=C:\Users\USER\AppData\Local\Programs\Eclipse Adoptium\jdk-17.0.7.7-hotspot\
PATH=D:\Desktop\maven\apache-maven-3.9.6\bin;C:\WINDOWS\system32;C:\WINDOWS;C:\WINDOWS\System32\Wbem;C:\WINDOWS\System32\WindowsPowerShell\v1.0\;C:\WINDOWS\System32\OpenSSH\;C:\Program Files (x86)\QuickTime\QTSystem\;C:\Program Files (x86)\mingw-w64\bin;C:\Program Files (x86)\Microsoft SQL Server\160\Tools\Binn\;C:\Program Files\Microsoft SQL Server\160\Tools\Binn\;C:\Program Files\Microsoft SQL Server\Client SDK\ODBC\170\Tools\Binn\;C:\Program Files\Microsoft SQL Server\160\DTS\Binn\;C:\Program Files (x86)\Microsoft SQL Server\160\DTS\Binn\;C:\Program Files\Azure Data Studio\bin;C:\Program Files\Git\cmd;C:\xampp\php;C:\Program Files\nodejs\;C:\Program Files\Cloudflare\Cloudflare WARP\;C:\Program Files\MySQL\MySQL Shell 8.0\bin\;C:\Users\USER\.console-ninja\.bin;C:\Users\USER\AppData\Local\Programs\Python\Python312\Scripts\;C:\Users\USER\AppData\Local\Programs\Python\Python312\;C:\Users\USER\AppData\Local\Programs\Eclipse Adoptium\jdk-17.0.7.7-hotspot\bin;C:\Users\USER\AppData\Local\Microsoft\WindowsApps;C:\msys64\mingw64\bin;;C:\Program Files\Azure Data Studio\bin;C:\Users\USER\AppData\Local\Programs\Microsoft VS Code\bin;C:\Program Files (x86)\Nmap;C:\Program Files\JetBrains\IntelliJ IDEA Community Edition 2023.3.2\bin;;C:\Users\USER\AppData\Roaming\npm
USERNAME=USER
OS=Windows_NT
PROCESSOR_IDENTIFIER=Intel64 Family 6 Model 78 Stepping 3, GenuineIntel
TMP=C:\Users\USER\AppData\Local\Temp
TEMP=C:\Users\USER\AppData\Local\Temp



Periodic native trim disabled


---------------  S Y S T E M  ---------------

OS:
 Windows 10 , 64 bit Build 19041 (10.0.19041.3636)
OS uptime: 0 days 18:36 hours

CPU: total 4 (initial active 4) (2 cores per cpu, 2 threads per core) family 6 model 78 stepping 3 microcode 0xcc, cx8, cmov, fxsr, ht, mmx, 3dnowpref, sse, sse2, sse3, ssse3, sse4.1, sse4.2, popcnt, lzcnt, tsc, tscinvbit, avx, avx2, aes, erms, clmul, bmi1, bmi2, adx, fma, vzeroupper, clflush, clflushopt
Processor Information for all 4 processors :
  Max Mhz: 2400, Current Mhz: 2300, Mhz Limit: 2280

Memory: 4k page, system-wide physical 3984M (76M free)
TotalPageFile size 16272M (AvailPageFile size 0M)
current process WorkingSet (physical memory assigned to process): 46M, peak: 46M
current process commit charge ("private bytes"): 130M, peak: 130M

vm_info: OpenJDK 64-Bit Server VM (17.0.10+7) for windows-amd64 JRE (17.0.10+7), built on Jan 16 2024 23:25:11 by "admin" with MS VC++ 16.10 / 16.11 (VS2019)

END.
